mode: atomic
github.com/Vidkin/gophkeeper/app/server.go:48.65,49.56 1 0
github.com/Vidkin/gophkeeper/app/server.go:49.56,51.3 1 0
github.com/Vidkin/gophkeeper/app/server.go:52.2,53.16 2 0
github.com/Vidkin/gophkeeper/app/server.go:53.16,56.3 2 0
github.com/Vidkin/gophkeeper/app/server.go:57.2,58.16 2 0
github.com/Vidkin/gophkeeper/app/server.go:58.16,61.3 2 0
github.com/Vidkin/gophkeeper/app/server.go:62.2,77.16 4 0
github.com/Vidkin/gophkeeper/app/server.go:77.16,80.3 2 0
github.com/Vidkin/gophkeeper/app/server.go:81.2,86.8 1 0
github.com/Vidkin/gophkeeper/app/server.go:99.75,101.16 2 0
github.com/Vidkin/gophkeeper/app/server.go:101.16,103.3 1 0
github.com/Vidkin/gophkeeper/app/server.go:104.2,107.37 2 0
github.com/Vidkin/gophkeeper/app/server.go:112.27,114.12 2 0
github.com/Vidkin/gophkeeper/app/server.go:114.12,115.56 1 0
github.com/Vidkin/gophkeeper/app/server.go:115.56,117.4 1 0
github.com/Vidkin/gophkeeper/app/server.go:119.2,122.10 4 0
github.com/Vidkin/gophkeeper/app/server.go:126.28,128.25 2 0
github.com/Vidkin/gophkeeper/app/server.go:128.25,130.3 1 0
github.com/Vidkin/gophkeeper/app/server.go:131.2,131.42 1 0
github.com/Vidkin/gophkeeper/app/server.go:131.42,133.3 1 0
github.com/Vidkin/gophkeeper/cmd/client/main.go:30.13,33.2 2 0
github.com/Vidkin/gophkeeper/cmd/server/main.go:31.13,34.16 3 0
github.com/Vidkin/gophkeeper/cmd/server/main.go:34.16,35.13 1 0
github.com/Vidkin/gophkeeper/cmd/server/main.go:37.2,38.16 2 0
github.com/Vidkin/gophkeeper/cmd/server/main.go:38.16,39.13 1 0
github.com/Vidkin/gophkeeper/cmd/server/main.go:41.2,41.17 1 0
github.com/Vidkin/gophkeeper/app/cmd/auth.go:23.47,24.55 1 0
github.com/Vidkin/gophkeeper/app/cmd/auth.go:24.55,26.4 1 0
github.com/Vidkin/gophkeeper/app/cmd/auth.go:30.13,32.2 1 1
github.com/Vidkin/gophkeeper/app/cmd/cards.go:31.47,33.17 2 0
github.com/Vidkin/gophkeeper/app/cmd/cards.go:33.17,35.4 1 0
github.com/Vidkin/gophkeeper/app/cmd/cards.go:44.47,45.47 1 0
github.com/Vidkin/gophkeeper/app/cmd/cards.go:45.47,47.4 1 0
github.com/Vidkin/gophkeeper/app/cmd/cards.go:56.47,57.17 1 0
github.com/Vidkin/gophkeeper/app/cmd/cards.go:57.17,60.4 2 0
github.com/Vidkin/gophkeeper/app/cmd/cards.go:61.3,61.48 1 0
github.com/Vidkin/gophkeeper/app/cmd/cards.go:61.48,63.4 1 0
github.com/Vidkin/gophkeeper/app/cmd/cards.go:72.47,73.17 1 0
github.com/Vidkin/gophkeeper/app/cmd/cards.go:73.17,76.4 2 0
github.com/Vidkin/gophkeeper/app/cmd/cards.go:77.3,77.51 1 0
github.com/Vidkin/gophkeeper/app/cmd/cards.go:77.51,79.4 1 0
github.com/Vidkin/gophkeeper/app/cmd/cards.go:88.47,89.46 1 0
github.com/Vidkin/gophkeeper/app/cmd/cards.go:89.46,91.4 1 0
github.com/Vidkin/gophkeeper/app/cmd/cards.go:95.13,111.2 12 1
github.com/Vidkin/gophkeeper/app/cmd/credentials.go:32.47,34.17 2 0
github.com/Vidkin/gophkeeper/app/cmd/credentials.go:34.17,36.4 1 0
github.com/Vidkin/gophkeeper/app/cmd/credentials.go:45.47,46.61 1 0
github.com/Vidkin/gophkeeper/app/cmd/credentials.go:46.61,48.4 1 0
github.com/Vidkin/gophkeeper/app/cmd/credentials.go:57.47,58.17 1 0
github.com/Vidkin/gophkeeper/app/cmd/credentials.go:58.17,61.4 2 0
github.com/Vidkin/gophkeeper/app/cmd/credentials.go:62.3,62.55 1 0
github.com/Vidkin/gophkeeper/app/cmd/credentials.go:62.55,64.4 1 0
github.com/Vidkin/gophkeeper/app/cmd/credentials.go:73.47,74.17 1 0
github.com/Vidkin/gophkeeper/app/cmd/credentials.go:74.17,77.4 2 0
github.com/Vidkin/gophkeeper/app/cmd/credentials.go:78.3,78.58 1 0
github.com/Vidkin/gophkeeper/app/cmd/credentials.go:78.58,80.4 1 0
github.com/Vidkin/gophkeeper/app/cmd/credentials.go:89.47,90.52 1 0
github.com/Vidkin/gophkeeper/app/cmd/credentials.go:90.52,92.4 1 0
github.com/Vidkin/gophkeeper/app/cmd/credentials.go:96.13,109.2 10 1
github.com/Vidkin/gophkeeper/app/cmd/files.go:32.47,34.17 2 0
github.com/Vidkin/gophkeeper/app/cmd/files.go:34.17,36.4 1 0
github.com/Vidkin/gophkeeper/app/cmd/files.go:45.47,46.39 1 0
github.com/Vidkin/gophkeeper/app/cmd/files.go:46.39,49.4 2 0
github.com/Vidkin/gophkeeper/app/cmd/files.go:50.3,50.65 1 0
github.com/Vidkin/gophkeeper/app/cmd/files.go:50.65,52.4 1 0
github.com/Vidkin/gophkeeper/app/cmd/files.go:61.47,62.21 1 0
github.com/Vidkin/gophkeeper/app/cmd/files.go:62.21,65.4 2 0
github.com/Vidkin/gophkeeper/app/cmd/files.go:67.3,67.66 1 0
github.com/Vidkin/gophkeeper/app/cmd/files.go:67.66,69.4 1 0
github.com/Vidkin/gophkeeper/app/cmd/files.go:78.47,79.21 1 0
github.com/Vidkin/gophkeeper/app/cmd/files.go:79.21,82.4 2 0
github.com/Vidkin/gophkeeper/app/cmd/files.go:83.3,83.53 1 0
github.com/Vidkin/gophkeeper/app/cmd/files.go:83.53,85.4 1 0
github.com/Vidkin/gophkeeper/app/cmd/files.go:94.47,95.46 1 0
github.com/Vidkin/gophkeeper/app/cmd/files.go:95.46,97.4 1 0
github.com/Vidkin/gophkeeper/app/cmd/files.go:101.13,115.2 10 1
github.com/Vidkin/gophkeeper/app/cmd/notes.go:32.47,34.17 2 0
github.com/Vidkin/gophkeeper/app/cmd/notes.go:34.17,36.4 1 0
github.com/Vidkin/gophkeeper/app/cmd/notes.go:45.47,46.47 1 0
github.com/Vidkin/gophkeeper/app/cmd/notes.go:46.47,48.4 1 0
github.com/Vidkin/gophkeeper/app/cmd/notes.go:57.47,58.17 1 0
github.com/Vidkin/gophkeeper/app/cmd/notes.go:58.17,61.4 2 0
github.com/Vidkin/gophkeeper/app/cmd/notes.go:62.3,62.48 1 0
github.com/Vidkin/gophkeeper/app/cmd/notes.go:62.48,64.4 1 0
github.com/Vidkin/gophkeeper/app/cmd/notes.go:73.47,74.17 1 0
github.com/Vidkin/gophkeeper/app/cmd/notes.go:74.17,77.4 2 0
github.com/Vidkin/gophkeeper/app/cmd/notes.go:78.3,78.51 1 0
github.com/Vidkin/gophkeeper/app/cmd/notes.go:78.51,80.4 1 0
github.com/Vidkin/gophkeeper/app/cmd/notes.go:89.47,90.46 1 0
github.com/Vidkin/gophkeeper/app/cmd/notes.go:90.46,92.4 1 0
github.com/Vidkin/gophkeeper/app/cmd/notes.go:96.13,109.2 9 1
github.com/Vidkin/gophkeeper/app/cmd/register.go:23.47,24.59 1 0
github.com/Vidkin/gophkeeper/app/cmd/register.go:24.59,26.4 1 0
github.com/Vidkin/gophkeeper/app/cmd/register.go:30.13,32.2 1 1
github.com/Vidkin/gophkeeper/app/cmd/root.go:22.13,27.2 4 1
github.com/Vidkin/gophkeeper/app/cmd/root.go:29.19,30.23 1 5
github.com/Vidkin/gophkeeper/app/cmd/root.go:30.23,32.46 2 4
github.com/Vidkin/gophkeeper/app/cmd/root.go:32.46,34.30 2 1
github.com/Vidkin/gophkeeper/app/cmd/root.go:36.8,38.52 2 1
github.com/Vidkin/gophkeeper/app/cmd/root.go:40.2,40.19 1 3
github.com/Vidkin/gophkeeper/app/cmd/root.go:40.19,41.99 1 2
github.com/Vidkin/gophkeeper/app/cmd/root.go:41.99,43.46 2 0
github.com/Vidkin/gophkeeper/app/cmd/root.go:45.8,47.58 2 1
github.com/Vidkin/gophkeeper/app/cmd/root.go:50.2,50.21 1 2
github.com/Vidkin/gophkeeper/app/cmd/root.go:50.21,51.103 1 1
github.com/Vidkin/gophkeeper/app/cmd/root.go:51.103,53.48 2 0
github.com/Vidkin/gophkeeper/app/cmd/root.go:55.8,57.60 2 1
github.com/Vidkin/gophkeeper/app/cmd/root.go:65.48,66.3 0 0
github.com/Vidkin/gophkeeper/app/cmd/root.go:70.16,71.42 1 0
github.com/Vidkin/gophkeeper/app/cmd/root.go:71.42,74.3 2 0
github.com/Vidkin/gophkeeper/proto/gophkeeper.pb.go:35.31,40.2 4 0
github.com/Vidkin/gophkeeper/proto/gophkeeper.pb.go:42.39,44.2 1 0
github.com/Vidkin/gophkeeper/proto/gophkeeper.pb.go:46.37,46.38 0 0
github.com/Vidkin/gophkeeper/proto/gophkeeper.pb.go:48.59,50.14 2 0
github.com/Vidkin/gophkeeper/proto/gophkeeper.pb.go:50.14,52.34 2 0
github.com/Vidkin/gophkeeper/proto/gophkeeper.pb.go:52.34,54.4 1 0
github.com/Vidkin/gophkeeper/proto/gophkeeper.pb.go:55.3,55.12 1 0
github.com/Vidkin/gophkeeper/proto/gophkeeper.pb.go:57.2,57.24 1 0
github.com/Vidkin/gophkeeper/proto/gophkeeper.pb.go:61.50,63.2 1 0
github.com/Vidkin/gophkeeper/proto/gophkeeper.pb.go:65.37,66.14 1 0
github.com/Vidkin/gophkeeper/proto/gophkeeper.pb.go:66.14,68.3 1 0
github.com/Vidkin/gophkeeper/proto/gophkeeper.pb.go:69.2,69.10 1 0
github.com/Vidkin/gophkeeper/proto/gophkeeper.pb.go:72.41,73.14 1 0
github.com/Vidkin/gophkeeper/proto/gophkeeper.pb.go:73.14,75.3 1 0
github.com/Vidkin/gophkeeper/proto/gophkeeper.pb.go:76.2,76.11 1 0
github.com/Vidkin/gophkeeper/proto/gophkeeper.pb.go:79.44,80.14 1 0
github.com/Vidkin/gophkeeper/proto/gophkeeper.pb.go:80.14,82.3 1 0
github.com/Vidkin/gophkeeper/proto/gophkeeper.pb.go:83.2,83.11 1 0
github.com/Vidkin/gophkeeper/proto/gophkeeper.pb.go:86.47,87.14 1 0
github.com/Vidkin/gophkeeper/proto/gophkeeper.pb.go:87.14,89.3 1 0
github.com/Vidkin/gophkeeper/proto/gophkeeper.pb.go:90.2,90.11 1 0
github.com/Vidkin/gophkeeper/proto/gophkeeper.pb.go:103.24,108.2 4 0
github.com/Vidkin/gophkeeper/proto/gophkeeper.pb.go:110.32,112.2 1 0
github.com/Vidkin/gophkeeper/proto/gophkeeper.pb.go:114.30,114.31 0 0
github.com/Vidkin/gophkeeper/proto/gophkeeper.pb.go:116.52,118.14 2 0
github.com/Vidkin/gophkeeper/proto/gophkeeper.pb.go:118.14,120.34 2 0
github.com/Vidkin/gophkeeper/proto/gophkeeper.pb.go:120.34,122.4 1 0
github.com/Vidkin/gophkeeper/proto/gophkeeper.pb.go:123.3,123.12 1 0
github.com/Vidkin/gophkeeper/proto/gophkeeper.pb.go:125.2,125.24 1 0
github.com/Vidkin/gophkeeper/proto/gophkeeper.pb.go:129.43,131.2 1 0
github.com/Vidkin/gophkeeper/proto/gophkeeper.pb.go:133.30,134.14 1 0
github.com/Vidkin/gophkeeper/proto/gophkeeper.pb.go:134.14,136.3 1 0
github.com/Vidkin/gophkeeper/proto/gophkeeper.pb.go:137.2,137.10 1 0
github.com/Vidkin/gophkeeper/proto/gophkeeper.pb.go:140.33,141.14 1 0
github.com/Vidkin/gophkeeper/proto/gophkeeper.pb.go:141.14,143.3 1 0
github.com/Vidkin/gophkeeper/proto/gophkeeper.pb.go:144.2,144.11 1 0
github.com/Vidkin/gophkeeper/proto/gophkeeper.pb.go:147.40,148.14 1 0
github.com/Vidkin/gophkeeper/proto/gophkeeper.pb.go:148.14,150.3 1 0
github.com/Vidkin/gophkeeper/proto/gophkeeper.pb.go:151.2,151.11 1 0
github.com/Vidkin/gophkeeper/proto/gophkeeper.pb.go:162.39,167.2 4 0
github.com/Vidkin/gophkeeper/proto/gophkeeper.pb.go:169.47,171.2 1 0
github.com/Vidkin/gophkeeper/proto/gophkeeper.pb.go:173.45,173.46 0 0
github.com/Vidkin/gophkeeper/proto/gophkeeper.pb.go:175.67,177.14 2 0
github.com/Vidkin/gophkeeper/proto/gophkeeper.pb.go:177.14,179.34 2 0
github.com/Vidkin/gophkeeper/proto/gophkeeper.pb.go:179.34,181.4 1 0
github.com/Vidkin/gophkeeper/proto/gophkeeper.pb.go:182.3,182.12 1 0
github.com/Vidkin/gophkeeper/proto/gophkeeper.pb.go:184.2,184.24 1 0
github.com/Vidkin/gophkeeper/proto/gophkeeper.pb.go:188.58,190.2 1 0
github.com/Vidkin/gophkeeper/proto/gophkeeper.pb.go:192.61,193.14 1 0
github.com/Vidkin/gophkeeper/proto/gophkeeper.pb.go:193.14,195.3 1 0
github.com/Vidkin/gophkeeper/proto/gophkeeper.pb.go:196.2,196.12 1 0
github.com/Vidkin/gophkeeper/proto/gophkeeper.pb.go:207.36,212.2 4 0
github.com/Vidkin/gophkeeper/proto/gophkeeper.pb.go:214.44,216.2 1 0
github.com/Vidkin/gophkeeper/proto/gophkeeper.pb.go:218.42,218.43 0 0
github.com/Vidkin/gophkeeper/proto/gophkeeper.pb.go:220.64,222.14 2 0
github.com/Vidkin/gophkeeper/proto/gophkeeper.pb.go:222.14,224.34 2 0
github.com/Vidkin/gophkeeper/proto/gophkeeper.pb.go:224.34,226.4 1 0
github.com/Vidkin/gophkeeper/proto/gophkeeper.pb.go:227.3,227.12 1 0
github.com/Vidkin/gophkeeper/proto/gophkeeper.pb.go:229.2,229.24 1 0
github.com/Vidkin/gophkeeper/proto/gophkeeper.pb.go:233.55,235.2 1 0
github.com/Vidkin/gophkeeper/proto/gophkeeper.pb.go:237.58,238.14 1 0
github.com/Vidkin/gophkeeper/proto/gophkeeper.pb.go:238.14,240.3 1 0
github.com/Vidkin/gophkeeper/proto/gophkeeper.pb.go:241.2,241.12 1 0
github.com/Vidkin/gophkeeper/proto/gophkeeper.pb.go:252.37,257.2 4 0
github.com/Vidkin/gophkeeper/proto/gophkeeper.pb.go:259.45,261.2 1 0
github.com/Vidkin/gophkeeper/proto/gophkeeper.pb.go:263.43,263.44 0 0
github.com/Vidkin/gophkeeper/proto/gophkeeper.pb.go:265.65,267.14 2 0
github.com/Vidkin/gophkeeper/proto/gophkeeper.pb.go:267.14,269.34 2 0
github.com/Vidkin/gophkeeper/proto/gophkeeper.pb.go:269.34,271.4 1 0
github.com/Vidkin/gophkeeper/proto/gophkeeper.pb.go:272.3,272.12 1 0
github.com/Vidkin/gophkeeper/proto/gophkeeper.pb.go:274.2,274.24 1 0
github.com/Vidkin/gophkeeper/proto/gophkeeper.pb.go:278.56,280.2 1 0
github.com/Vidkin/gophkeeper/proto/gophkeeper.pb.go:282.47,283.14 1 0
github.com/Vidkin/gophkeeper/proto/gophkeeper.pb.go:283.14,285.3 1 0
github.com/Vidkin/gophkeeper/proto/gophkeeper.pb.go:286.2,286.11 1 0
github.com/Vidkin/gophkeeper/proto/gophkeeper.pb.go:297.45,302.2 4 0
github.com/Vidkin/gophkeeper/proto/gophkeeper.pb.go:304.53,306.2 1 0
github.com/Vidkin/gophkeeper/proto/gophkeeper.pb.go:308.51,308.52 0 0
github.com/Vidkin/gophkeeper/proto/gophkeeper.pb.go:310.73,312.14 2 0
github.com/Vidkin/gophkeeper/proto/gophkeeper.pb.go:312.14,314.34 2 0
github.com/Vidkin/gophkeeper/proto/gophkeeper.pb.go:314.34,316.4 1 0
github.com/Vidkin/gophkeeper/proto/gophkeeper.pb.go:317.3,317.12 1 0
github.com/Vidkin/gophkeeper/proto/gophkeeper.pb.go:319.2,319.24 1 0
github.com/Vidkin/gophkeeper/proto/gophkeeper.pb.go:323.64,325.2 1 0
github.com/Vidkin/gophkeeper/proto/gophkeeper.pb.go:327.67,328.14 1 0
github.com/Vidkin/gophkeeper/proto/gophkeeper.pb.go:328.14,330.3 1 0
github.com/Vidkin/gophkeeper/proto/gophkeeper.pb.go:331.2,331.12 1 0
github.com/Vidkin/gophkeeper/proto/gophkeeper.pb.go:340.45,345.2 4 0
github.com/Vidkin/gophkeeper/proto/gophkeeper.pb.go:347.53,349.2 1 0
github.com/Vidkin/gophkeeper/proto/gophkeeper.pb.go:351.51,351.52 0 0
github.com/Vidkin/gophkeeper/proto/gophkeeper.pb.go:353.73,355.14 2 0
github.com/Vidkin/gophkeeper/proto/gophkeeper.pb.go:355.14,357.34 2 0
github.com/Vidkin/gophkeeper/proto/gophkeeper.pb.go:357.34,359.4 1 0
github.com/Vidkin/gophkeeper/proto/gophkeeper.pb.go:360.3,360.12 1 0
github.com/Vidkin/gophkeeper/proto/gophkeeper.pb.go:362.2,362.24 1 0
github.com/Vidkin/gophkeeper/proto/gophkeeper.pb.go:366.64,368.2 1 0
github.com/Vidkin/gophkeeper/proto/gophkeeper.pb.go:378.46,383.2 4 0
github.com/Vidkin/gophkeeper/proto/gophkeeper.pb.go:385.54,387.2 1 0
github.com/Vidkin/gophkeeper/proto/gophkeeper.pb.go:389.52,389.53 0 0
github.com/Vidkin/gophkeeper/proto/gophkeeper.pb.go:391.74,393.14 2 0
github.com/Vidkin/gophkeeper/proto/gophkeeper.pb.go:393.14,395.34 2 0
github.com/Vidkin/gophkeeper/proto/gophkeeper.pb.go:395.34,397.4 1 0
github.com/Vidkin/gophkeeper/proto/gophkeeper.pb.go:398.3,398.12 1 0
github.com/Vidkin/gophkeeper/proto/gophkeeper.pb.go:400.2,400.24 1 0
github.com/Vidkin/gophkeeper/proto/gophkeeper.pb.go:404.65,406.2 1 0
github.com/Vidkin/gophkeeper/proto/gophkeeper.pb.go:408.70,409.14 1 0
github.com/Vidkin/gophkeeper/proto/gophkeeper.pb.go:409.14,411.3 1 0
github.com/Vidkin/gophkeeper/proto/gophkeeper.pb.go:412.2,412.12 1 0
github.com/Vidkin/gophkeeper/proto/gophkeeper.pb.go:423.44,428.2 4 0
github.com/Vidkin/gophkeeper/proto/gophkeeper.pb.go:430.52,432.2 1 0
github.com/Vidkin/gophkeeper/proto/gophkeeper.pb.go:434.50,434.51 0 0
github.com/Vidkin/gophkeeper/proto/gophkeeper.pb.go:436.72,438.14 2 0
github.com/Vidkin/gophkeeper/proto/gophkeeper.pb.go:438.14,440.34 2 0
github.com/Vidkin/gophkeeper/proto/gophkeeper.pb.go:440.34,442.4 1 0
github.com/Vidkin/gophkeeper/proto/gophkeeper.pb.go:443.3,443.12 1 0
github.com/Vidkin/gophkeeper/proto/gophkeeper.pb.go:445.2,445.24 1 0
github.com/Vidkin/gophkeeper/proto/gophkeeper.pb.go:449.63,451.2 1 0
github.com/Vidkin/gophkeeper/proto/gophkeeper.pb.go:453.51,454.14 1 0
github.com/Vidkin/gophkeeper/proto/gophkeeper.pb.go:454.14,456.3 1 0
github.com/Vidkin/gophkeeper/proto/gophkeeper.pb.go:457.2,457.11 1 0
github.com/Vidkin/gophkeeper/proto/gophkeeper.pb.go:468.45,473.2 4 0
github.com/Vidkin/gophkeeper/proto/gophkeeper.pb.go:475.53,477.2 1 0
github.com/Vidkin/gophkeeper/proto/gophkeeper.pb.go:479.51,479.52 0 0
github.com/Vidkin/gophkeeper/proto/gophkeeper.pb.go:481.73,483.14 2 0
github.com/Vidkin/gophkeeper/proto/gophkeeper.pb.go:483.14,485.34 2 0
github.com/Vidkin/gophkeeper/proto/gophkeeper.pb.go:485.34,487.4 1 0
github.com/Vidkin/gophkeeper/proto/gophkeeper.pb.go:488.3,488.12 1 0
github.com/Vidkin/gophkeeper/proto/gophkeeper.pb.go:490.2,490.24 1 0
github.com/Vidkin/gophkeeper/proto/gophkeeper.pb.go:494.64,496.2 1 0
github.com/Vidkin/gophkeeper/proto/gophkeeper.pb.go:498.67,499.14 1 0
github.com/Vidkin/gophkeeper/proto/gophkeeper.pb.go:499.14,501.3 1 0
github.com/Vidkin/gophkeeper/proto/gophkeeper.pb.go:502.2,502.12 1 0
github.com/Vidkin/gophkeeper/proto/gophkeeper.pb.go:513.34,518.2 4 0
github.com/Vidkin/gophkeeper/proto/gophkeeper.pb.go:520.42,522.2 1 0
github.com/Vidkin/gophkeeper/proto/gophkeeper.pb.go:524.40,524.41 0 0
github.com/Vidkin/gophkeeper/proto/gophkeeper.pb.go:526.62,528.14 2 0
github.com/Vidkin/gophkeeper/proto/gophkeeper.pb.go:528.14,530.34 2 0
github.com/Vidkin/gophkeeper/proto/gophkeeper.pb.go:530.34,532.4 1 0
github.com/Vidkin/gophkeeper/proto/gophkeeper.pb.go:533.3,533.12 1 0
github.com/Vidkin/gophkeeper/proto/gophkeeper.pb.go:535.2,535.24 1 0
github.com/Vidkin/gophkeeper/proto/gophkeeper.pb.go:539.53,541.2 1 0
github.com/Vidkin/gophkeeper/proto/gophkeeper.pb.go:543.42,544.14 1 0
github.com/Vidkin/gophkeeper/proto/gophkeeper.pb.go:544.14,546.3 1 0
github.com/Vidkin/gophkeeper/proto/gophkeeper.pb.go:547.2,547.12 1 0
github.com/Vidkin/gophkeeper/proto/gophkeeper.pb.go:556.35,561.2 4 0
github.com/Vidkin/gophkeeper/proto/gophkeeper.pb.go:563.43,565.2 1 0
github.com/Vidkin/gophkeeper/proto/gophkeeper.pb.go:567.41,567.42 0 0
github.com/Vidkin/gophkeeper/proto/gophkeeper.pb.go:569.63,571.14 2 0
github.com/Vidkin/gophkeeper/proto/gophkeeper.pb.go:571.14,573.34 2 0
github.com/Vidkin/gophkeeper/proto/gophkeeper.pb.go:573.34,575.4 1 0
github.com/Vidkin/gophkeeper/proto/gophkeeper.pb.go:576.3,576.12 1 0
github.com/Vidkin/gophkeeper/proto/gophkeeper.pb.go:578.2,578.24 1 0
github.com/Vidkin/gophkeeper/proto/gophkeeper.pb.go:582.54,584.2 1 0
github.com/Vidkin/gophkeeper/proto/gophkeeper.pb.go:594.36,599.2 4 0
github.com/Vidkin/gophkeeper/proto/gophkeeper.pb.go:601.44,603.2 1 0
github.com/Vidkin/gophkeeper/proto/gophkeeper.pb.go:605.42,605.43 0 0
github.com/Vidkin/gophkeeper/proto/gophkeeper.pb.go:607.64,609.14 2 0
github.com/Vidkin/gophkeeper/proto/gophkeeper.pb.go:609.14,611.34 2 0
github.com/Vidkin/gophkeeper/proto/gophkeeper.pb.go:611.34,613.4 1 0
github.com/Vidkin/gophkeeper/proto/gophkeeper.pb.go:614.3,614.12 1 0
github.com/Vidkin/gophkeeper/proto/gophkeeper.pb.go:616.2,616.24 1 0
github.com/Vidkin/gophkeeper/proto/gophkeeper.pb.go:620.55,622.2 1 0
github.com/Vidkin/gophkeeper/proto/gophkeeper.pb.go:624.47,625.14 1 0
github.com/Vidkin/gophkeeper/proto/gophkeeper.pb.go:625.14,627.3 1 0
github.com/Vidkin/gophkeeper/proto/gophkeeper.pb.go:628.2,628.12 1 0
github.com/Vidkin/gophkeeper/proto/gophkeeper.pb.go:639.34,644.2 4 0
github.com/Vidkin/gophkeeper/proto/gophkeeper.pb.go:646.42,648.2 1 0
github.com/Vidkin/gophkeeper/proto/gophkeeper.pb.go:650.40,650.41 0 0
github.com/Vidkin/gophkeeper/proto/gophkeeper.pb.go:652.62,654.14 2 0
github.com/Vidkin/gophkeeper/proto/gophkeeper.pb.go:654.14,656.34 2 0
github.com/Vidkin/gophkeeper/proto/gophkeeper.pb.go:656.34,658.4 1 0
github.com/Vidkin/gophkeeper/proto/gophkeeper.pb.go:659.3,659.12 1 0
github.com/Vidkin/gophkeeper/proto/gophkeeper.pb.go:661.2,661.24 1 0
github.com/Vidkin/gophkeeper/proto/gophkeeper.pb.go:665.53,667.2 1 0
github.com/Vidkin/gophkeeper/proto/gophkeeper.pb.go:669.41,670.14 1 0
github.com/Vidkin/gophkeeper/proto/gophkeeper.pb.go:670.14,672.3 1 0
github.com/Vidkin/gophkeeper/proto/gophkeeper.pb.go:673.2,673.11 1 0
github.com/Vidkin/gophkeeper/proto/gophkeeper.pb.go:684.35,689.2 4 0
github.com/Vidkin/gophkeeper/proto/gophkeeper.pb.go:691.43,693.2 1 0
github.com/Vidkin/gophkeeper/proto/gophkeeper.pb.go:695.41,695.42 0 0
github.com/Vidkin/gophkeeper/proto/gophkeeper.pb.go:697.63,699.14 2 0
github.com/Vidkin/gophkeeper/proto/gophkeeper.pb.go:699.14,701.34 2 0
github.com/Vidkin/gophkeeper/proto/gophkeeper.pb.go:701.34,703.4 1 0
github.com/Vidkin/gophkeeper/proto/gophkeeper.pb.go:704.3,704.12 1 0
github.com/Vidkin/gophkeeper/proto/gophkeeper.pb.go:706.2,706.24 1 0
github.com/Vidkin/gophkeeper/proto/gophkeeper.pb.go:710.54,712.2 1 0
github.com/Vidkin/gophkeeper/proto/gophkeeper.pb.go:714.43,715.14 1 0
github.com/Vidkin/gophkeeper/proto/gophkeeper.pb.go:715.14,717.3 1 0
github.com/Vidkin/gophkeeper/proto/gophkeeper.pb.go:718.2,718.12 1 0
github.com/Vidkin/gophkeeper/proto/gophkeeper.pb.go:729.37,734.2 4 0
github.com/Vidkin/gophkeeper/proto/gophkeeper.pb.go:736.45,738.2 1 0
github.com/Vidkin/gophkeeper/proto/gophkeeper.pb.go:740.43,740.44 0 0
github.com/Vidkin/gophkeeper/proto/gophkeeper.pb.go:742.65,744.14 2 0
github.com/Vidkin/gophkeeper/proto/gophkeeper.pb.go:744.14,746.34 2 0
github.com/Vidkin/gophkeeper/proto/gophkeeper.pb.go:746.34,748.4 1 0
github.com/Vidkin/gophkeeper/proto/gophkeeper.pb.go:749.3,749.12 1 0
github.com/Vidkin/gophkeeper/proto/gophkeeper.pb.go:751.2,751.24 1 0
github.com/Vidkin/gophkeeper/proto/gophkeeper.pb.go:755.56,757.2 1 0
github.com/Vidkin/gophkeeper/proto/gophkeeper.pb.go:759.44,760.14 1 0
github.com/Vidkin/gophkeeper/proto/gophkeeper.pb.go:760.14,762.3 1 0
github.com/Vidkin/gophkeeper/proto/gophkeeper.pb.go:763.2,763.11 1 0
github.com/Vidkin/gophkeeper/proto/gophkeeper.pb.go:774.31,779.2 4 0
github.com/Vidkin/gophkeeper/proto/gophkeeper.pb.go:781.39,783.2 1 0
github.com/Vidkin/gophkeeper/proto/gophkeeper.pb.go:785.37,785.38 0 0
github.com/Vidkin/gophkeeper/proto/gophkeeper.pb.go:787.59,789.14 2 0
github.com/Vidkin/gophkeeper/proto/gophkeeper.pb.go:789.14,791.34 2 0
github.com/Vidkin/gophkeeper/proto/gophkeeper.pb.go:791.34,793.4 1 0
github.com/Vidkin/gophkeeper/proto/gophkeeper.pb.go:794.3,794.12 1 0
github.com/Vidkin/gophkeeper/proto/gophkeeper.pb.go:796.2,796.24 1 0
github.com/Vidkin/gophkeeper/proto/gophkeeper.pb.go:800.50,802.2 1 0
github.com/Vidkin/gophkeeper/proto/gophkeeper.pb.go:804.43,805.14 1 0
github.com/Vidkin/gophkeeper/proto/gophkeeper.pb.go:805.14,807.3 1 0
github.com/Vidkin/gophkeeper/proto/gophkeeper.pb.go:808.2,808.11 1 0
github.com/Vidkin/gophkeeper/proto/gophkeeper.pb.go:819.32,824.2 4 0
github.com/Vidkin/gophkeeper/proto/gophkeeper.pb.go:826.40,828.2 1 0
github.com/Vidkin/gophkeeper/proto/gophkeeper.pb.go:830.38,830.39 0 0
github.com/Vidkin/gophkeeper/proto/gophkeeper.pb.go:832.60,834.14 2 0
github.com/Vidkin/gophkeeper/proto/gophkeeper.pb.go:834.14,836.34 2 0
github.com/Vidkin/gophkeeper/proto/gophkeeper.pb.go:836.34,838.4 1 0
github.com/Vidkin/gophkeeper/proto/gophkeeper.pb.go:839.3,839.12 1 0
github.com/Vidkin/gophkeeper/proto/gophkeeper.pb.go:841.2,841.24 1 0
github.com/Vidkin/gophkeeper/proto/gophkeeper.pb.go:845.51,847.2 1 0
github.com/Vidkin/gophkeeper/proto/gophkeeper.pb.go:849.44,850.14 1 0
github.com/Vidkin/gophkeeper/proto/gophkeeper.pb.go:850.14,852.3 1 0
github.com/Vidkin/gophkeeper/proto/gophkeeper.pb.go:853.2,853.11 1 0
github.com/Vidkin/gophkeeper/proto/gophkeeper.pb.go:869.28,874.2 4 0
github.com/Vidkin/gophkeeper/proto/gophkeeper.pb.go:876.36,878.2 1 0
github.com/Vidkin/gophkeeper/proto/gophkeeper.pb.go:880.34,880.35 0 0
github.com/Vidkin/gophkeeper/proto/gophkeeper.pb.go:882.56,884.14 2 0
github.com/Vidkin/gophkeeper/proto/gophkeeper.pb.go:884.14,886.34 2 0
github.com/Vidkin/gophkeeper/proto/gophkeeper.pb.go:886.34,888.4 1 0
github.com/Vidkin/gophkeeper/proto/gophkeeper.pb.go:889.3,889.12 1 0
github.com/Vidkin/gophkeeper/proto/gophkeeper.pb.go:891.2,891.24 1 0
github.com/Vidkin/gophkeeper/proto/gophkeeper.pb.go:895.47,897.2 1 0
github.com/Vidkin/gophkeeper/proto/gophkeeper.pb.go:899.34,900.14 1 0
github.com/Vidkin/gophkeeper/proto/gophkeeper.pb.go:900.14,902.3 1 0
github.com/Vidkin/gophkeeper/proto/gophkeeper.pb.go:903.2,903.10 1 0
github.com/Vidkin/gophkeeper/proto/gophkeeper.pb.go:906.39,907.14 1 0
github.com/Vidkin/gophkeeper/proto/gophkeeper.pb.go:907.14,909.3 1 0
github.com/Vidkin/gophkeeper/proto/gophkeeper.pb.go:910.2,910.11 1 0
github.com/Vidkin/gophkeeper/proto/gophkeeper.pb.go:913.43,914.14 1 0
github.com/Vidkin/gophkeeper/proto/gophkeeper.pb.go:914.14,916.3 1 0
github.com/Vidkin/gophkeeper/proto/gophkeeper.pb.go:917.2,917.11 1 0
github.com/Vidkin/gophkeeper/proto/gophkeeper.pb.go:920.36,921.14 1 0
github.com/Vidkin/gophkeeper/proto/gophkeeper.pb.go:921.14,923.3 1 0
github.com/Vidkin/gophkeeper/proto/gophkeeper.pb.go:924.2,924.11 1 0
github.com/Vidkin/gophkeeper/proto/gophkeeper.pb.go:927.38,928.14 1 0
github.com/Vidkin/gophkeeper/proto/gophkeeper.pb.go:928.14,930.3 1 0
github.com/Vidkin/gophkeeper/proto/gophkeeper.pb.go:931.2,931.11 1 0
github.com/Vidkin/gophkeeper/proto/gophkeeper.pb.go:934.44,935.14 1 0
github.com/Vidkin/gophkeeper/proto/gophkeeper.pb.go:935.14,937.3 1 0
github.com/Vidkin/gophkeeper/proto/gophkeeper.pb.go:938.2,938.11 1 0
github.com/Vidkin/gophkeeper/proto/gophkeeper.pb.go:949.38,954.2 4 0
github.com/Vidkin/gophkeeper/proto/gophkeeper.pb.go:956.46,958.2 1 0
github.com/Vidkin/gophkeeper/proto/gophkeeper.pb.go:960.44,960.45 0 0
github.com/Vidkin/gophkeeper/proto/gophkeeper.pb.go:962.66,964.14 2 0
github.com/Vidkin/gophkeeper/proto/gophkeeper.pb.go:964.14,966.34 2 0
github.com/Vidkin/gophkeeper/proto/gophkeeper.pb.go:966.34,968.4 1 0
github.com/Vidkin/gophkeeper/proto/gophkeeper.pb.go:969.3,969.12 1 0
github.com/Vidkin/gophkeeper/proto/gophkeeper.pb.go:971.2,971.24 1 0
github.com/Vidkin/gophkeeper/proto/gophkeeper.pb.go:975.57,977.2 1 0
github.com/Vidkin/gophkeeper/proto/gophkeeper.pb.go:979.50,980.14 1 0
github.com/Vidkin/gophkeeper/proto/gophkeeper.pb.go:980.14,982.3 1 0
github.com/Vidkin/gophkeeper/proto/gophkeeper.pb.go:983.2,983.12 1 0
github.com/Vidkin/gophkeeper/proto/gophkeeper.pb.go:994.41,999.2 4 0
github.com/Vidkin/gophkeeper/proto/gophkeeper.pb.go:1001.49,1003.2 1 0
github.com/Vidkin/gophkeeper/proto/gophkeeper.pb.go:1005.47,1005.48 0 0
github.com/Vidkin/gophkeeper/proto/gophkeeper.pb.go:1007.69,1009.14 2 0
github.com/Vidkin/gophkeeper/proto/gophkeeper.pb.go:1009.14,1011.34 2 0
github.com/Vidkin/gophkeeper/proto/gophkeeper.pb.go:1011.34,1013.4 1 0
github.com/Vidkin/gophkeeper/proto/gophkeeper.pb.go:1014.3,1014.12 1 0
github.com/Vidkin/gophkeeper/proto/gophkeeper.pb.go:1016.2,1016.24 1 0
github.com/Vidkin/gophkeeper/proto/gophkeeper.pb.go:1020.60,1022.2 1 0
github.com/Vidkin/gophkeeper/proto/gophkeeper.pb.go:1024.48,1025.14 1 0
github.com/Vidkin/gophkeeper/proto/gophkeeper.pb.go:1025.14,1027.3 1 0
github.com/Vidkin/gophkeeper/proto/gophkeeper.pb.go:1028.2,1028.11 1 0
github.com/Vidkin/gophkeeper/proto/gophkeeper.pb.go:1039.48,1044.2 4 0
github.com/Vidkin/gophkeeper/proto/gophkeeper.pb.go:1046.56,1048.2 1 0
github.com/Vidkin/gophkeeper/proto/gophkeeper.pb.go:1050.54,1050.55 0 0
github.com/Vidkin/gophkeeper/proto/gophkeeper.pb.go:1052.76,1054.14 2 0
github.com/Vidkin/gophkeeper/proto/gophkeeper.pb.go:1054.14,1056.34 2 0
github.com/Vidkin/gophkeeper/proto/gophkeeper.pb.go:1056.34,1058.4 1 0
github.com/Vidkin/gophkeeper/proto/gophkeeper.pb.go:1059.3,1059.12 1 0
github.com/Vidkin/gophkeeper/proto/gophkeeper.pb.go:1061.2,1061.24 1 0
github.com/Vidkin/gophkeeper/proto/gophkeeper.pb.go:1065.67,1067.2 1 0
github.com/Vidkin/gophkeeper/proto/gophkeeper.pb.go:1069.55,1070.14 1 0
github.com/Vidkin/gophkeeper/proto/gophkeeper.pb.go:1070.14,1072.3 1 0
github.com/Vidkin/gophkeeper/proto/gophkeeper.pb.go:1073.2,1073.11 1 0
github.com/Vidkin/gophkeeper/proto/gophkeeper.pb.go:1082.39,1087.2 4 0
github.com/Vidkin/gophkeeper/proto/gophkeeper.pb.go:1089.47,1091.2 1 0
github.com/Vidkin/gophkeeper/proto/gophkeeper.pb.go:1093.45,1093.46 0 0
github.com/Vidkin/gophkeeper/proto/gophkeeper.pb.go:1095.67,1097.14 2 0
github.com/Vidkin/gophkeeper/proto/gophkeeper.pb.go:1097.14,1099.34 2 0
github.com/Vidkin/gophkeeper/proto/gophkeeper.pb.go:1099.34,1101.4 1 0
github.com/Vidkin/gophkeeper/proto/gophkeeper.pb.go:1102.3,1102.12 1 0
github.com/Vidkin/gophkeeper/proto/gophkeeper.pb.go:1104.2,1104.24 1 0
github.com/Vidkin/gophkeeper/proto/gophkeeper.pb.go:1108.58,1110.2 1 0
github.com/Vidkin/gophkeeper/proto/gophkeeper.pb.go:1120.40,1125.2 4 0
github.com/Vidkin/gophkeeper/proto/gophkeeper.pb.go:1127.48,1129.2 1 0
github.com/Vidkin/gophkeeper/proto/gophkeeper.pb.go:1131.46,1131.47 0 0
github.com/Vidkin/gophkeeper/proto/gophkeeper.pb.go:1133.68,1135.14 2 0
github.com/Vidkin/gophkeeper/proto/gophkeeper.pb.go:1135.14,1137.34 2 0
github.com/Vidkin/gophkeeper/proto/gophkeeper.pb.go:1137.34,1139.4 1 0
github.com/Vidkin/gophkeeper/proto/gophkeeper.pb.go:1140.3,1140.12 1 0
github.com/Vidkin/gophkeeper/proto/gophkeeper.pb.go:1142.2,1142.24 1 0
github.com/Vidkin/gophkeeper/proto/gophkeeper.pb.go:1146.59,1148.2 1 0
github.com/Vidkin/gophkeeper/proto/gophkeeper.pb.go:1150.55,1151.14 1 0
github.com/Vidkin/gophkeeper/proto/gophkeeper.pb.go:1151.14,1153.3 1 0
github.com/Vidkin/gophkeeper/proto/gophkeeper.pb.go:1154.2,1154.12 1 0
github.com/Vidkin/gophkeeper/proto/gophkeeper.pb.go:1165.38,1170.2 4 0
github.com/Vidkin/gophkeeper/proto/gophkeeper.pb.go:1172.46,1174.2 1 0
github.com/Vidkin/gophkeeper/proto/gophkeeper.pb.go:1176.44,1176.45 0 0
github.com/Vidkin/gophkeeper/proto/gophkeeper.pb.go:1178.66,1180.14 2 0
github.com/Vidkin/gophkeeper/proto/gophkeeper.pb.go:1180.14,1182.34 2 0
github.com/Vidkin/gophkeeper/proto/gophkeeper.pb.go:1182.34,1184.4 1 0
github.com/Vidkin/gophkeeper/proto/gophkeeper.pb.go:1185.3,1185.12 1 0
github.com/Vidkin/gophkeeper/proto/gophkeeper.pb.go:1187.2,1187.24 1 0
github.com/Vidkin/gophkeeper/proto/gophkeeper.pb.go:1191.57,1193.2 1 0
github.com/Vidkin/gophkeeper/proto/gophkeeper.pb.go:1195.45,1196.14 1 0
github.com/Vidkin/gophkeeper/proto/gophkeeper.pb.go:1196.14,1198.3 1 0
github.com/Vidkin/gophkeeper/proto/gophkeeper.pb.go:1199.2,1199.11 1 0
github.com/Vidkin/gophkeeper/proto/gophkeeper.pb.go:1210.39,1215.2 4 0
github.com/Vidkin/gophkeeper/proto/gophkeeper.pb.go:1217.47,1219.2 1 0
github.com/Vidkin/gophkeeper/proto/gophkeeper.pb.go:1221.45,1221.46 0 0
github.com/Vidkin/gophkeeper/proto/gophkeeper.pb.go:1223.67,1225.14 2 0
github.com/Vidkin/gophkeeper/proto/gophkeeper.pb.go:1225.14,1227.34 2 0
github.com/Vidkin/gophkeeper/proto/gophkeeper.pb.go:1227.34,1229.4 1 0
github.com/Vidkin/gophkeeper/proto/gophkeeper.pb.go:1230.3,1230.12 1 0
github.com/Vidkin/gophkeeper/proto/gophkeeper.pb.go:1232.2,1232.24 1 0
github.com/Vidkin/gophkeeper/proto/gophkeeper.pb.go:1236.58,1238.2 1 0
github.com/Vidkin/gophkeeper/proto/gophkeeper.pb.go:1240.51,1241.14 1 0
github.com/Vidkin/gophkeeper/proto/gophkeeper.pb.go:1241.14,1243.3 1 0
github.com/Vidkin/gophkeeper/proto/gophkeeper.pb.go:1244.2,1244.12 1 0
github.com/Vidkin/gophkeeper/proto/gophkeeper.pb.go:1258.37,1263.2 4 0
github.com/Vidkin/gophkeeper/proto/gophkeeper.pb.go:1265.45,1267.2 1 0
github.com/Vidkin/gophkeeper/proto/gophkeeper.pb.go:1269.43,1269.44 0 0
github.com/Vidkin/gophkeeper/proto/gophkeeper.pb.go:1271.65,1273.14 2 0
github.com/Vidkin/gophkeeper/proto/gophkeeper.pb.go:1273.14,1275.34 2 0
github.com/Vidkin/gophkeeper/proto/gophkeeper.pb.go:1275.34,1277.4 1 0
github.com/Vidkin/gophkeeper/proto/gophkeeper.pb.go:1278.3,1278.12 1 0
github.com/Vidkin/gophkeeper/proto/gophkeeper.pb.go:1280.2,1280.24 1 0
github.com/Vidkin/gophkeeper/proto/gophkeeper.pb.go:1284.56,1286.2 1 0
github.com/Vidkin/gophkeeper/proto/gophkeeper.pb.go:1288.50,1289.14 1 0
github.com/Vidkin/gophkeeper/proto/gophkeeper.pb.go:1289.14,1291.3 1 0
github.com/Vidkin/gophkeeper/proto/gophkeeper.pb.go:1292.2,1292.11 1 0
github.com/Vidkin/gophkeeper/proto/gophkeeper.pb.go:1295.47,1296.14 1 0
github.com/Vidkin/gophkeeper/proto/gophkeeper.pb.go:1296.14,1298.3 1 0
github.com/Vidkin/gophkeeper/proto/gophkeeper.pb.go:1299.2,1299.12 1 0
github.com/Vidkin/gophkeeper/proto/gophkeeper.pb.go:1302.53,1303.14 1 0
github.com/Vidkin/gophkeeper/proto/gophkeeper.pb.go:1303.14,1305.3 1 0
github.com/Vidkin/gophkeeper/proto/gophkeeper.pb.go:1306.2,1306.11 1 0
github.com/Vidkin/gophkeeper/proto/gophkeeper.pb.go:1309.49,1310.14 1 0
github.com/Vidkin/gophkeeper/proto/gophkeeper.pb.go:1310.14,1312.3 1 0
github.com/Vidkin/gophkeeper/proto/gophkeeper.pb.go:1313.2,1313.10 1 0
github.com/Vidkin/gophkeeper/proto/gophkeeper.pb.go:1324.37,1329.2 4 0
github.com/Vidkin/gophkeeper/proto/gophkeeper.pb.go:1331.45,1333.2 1 0
github.com/Vidkin/gophkeeper/proto/gophkeeper.pb.go:1335.43,1335.44 0 0
github.com/Vidkin/gophkeeper/proto/gophkeeper.pb.go:1337.65,1339.14 2 0
github.com/Vidkin/gophkeeper/proto/gophkeeper.pb.go:1339.14,1341.34 2 0
github.com/Vidkin/gophkeeper/proto/gophkeeper.pb.go:1341.34,1343.4 1 0
github.com/Vidkin/gophkeeper/proto/gophkeeper.pb.go:1344.3,1344.12 1 0
github.com/Vidkin/gophkeeper/proto/gophkeeper.pb.go:1346.2,1346.24 1 0
github.com/Vidkin/gophkeeper/proto/gophkeeper.pb.go:1350.56,1352.2 1 0
github.com/Vidkin/gophkeeper/proto/gophkeeper.pb.go:1354.50,1355.14 1 0
github.com/Vidkin/gophkeeper/proto/gophkeeper.pb.go:1355.14,1357.3 1 0
github.com/Vidkin/gophkeeper/proto/gophkeeper.pb.go:1358.2,1358.11 1 0
github.com/Vidkin/gophkeeper/proto/gophkeeper.pb.go:1370.38,1375.2 4 0
github.com/Vidkin/gophkeeper/proto/gophkeeper.pb.go:1377.46,1379.2 1 0
github.com/Vidkin/gophkeeper/proto/gophkeeper.pb.go:1381.44,1381.45 0 0
github.com/Vidkin/gophkeeper/proto/gophkeeper.pb.go:1383.66,1385.14 2 0
github.com/Vidkin/gophkeeper/proto/gophkeeper.pb.go:1385.14,1387.34 2 0
github.com/Vidkin/gophkeeper/proto/gophkeeper.pb.go:1387.34,1389.4 1 0
github.com/Vidkin/gophkeeper/proto/gophkeeper.pb.go:1390.3,1390.12 1 0
github.com/Vidkin/gophkeeper/proto/gophkeeper.pb.go:1392.2,1392.24 1 0
github.com/Vidkin/gophkeeper/proto/gophkeeper.pb.go:1396.57,1398.2 1 0
github.com/Vidkin/gophkeeper/proto/gophkeeper.pb.go:1400.51,1401.14 1 0
github.com/Vidkin/gophkeeper/proto/gophkeeper.pb.go:1401.14,1403.3 1 0
github.com/Vidkin/gophkeeper/proto/gophkeeper.pb.go:1404.2,1404.11 1 0
github.com/Vidkin/gophkeeper/proto/gophkeeper.pb.go:1407.50,1408.14 1 0
github.com/Vidkin/gophkeeper/proto/gophkeeper.pb.go:1408.14,1410.3 1 0
github.com/Vidkin/gophkeeper/proto/gophkeeper.pb.go:1411.2,1411.10 1 0
github.com/Vidkin/gophkeeper/proto/gophkeeper.pb.go:1422.39,1427.2 4 0
github.com/Vidkin/gophkeeper/proto/gophkeeper.pb.go:1429.47,1431.2 1 0
github.com/Vidkin/gophkeeper/proto/gophkeeper.pb.go:1433.45,1433.46 0 0
github.com/Vidkin/gophkeeper/proto/gophkeeper.pb.go:1435.67,1437.14 2 0
github.com/Vidkin/gophkeeper/proto/gophkeeper.pb.go:1437.14,1439.34 2 0
github.com/Vidkin/gophkeeper/proto/gophkeeper.pb.go:1439.34,1441.4 1 0
github.com/Vidkin/gophkeeper/proto/gophkeeper.pb.go:1442.3,1442.12 1 0
github.com/Vidkin/gophkeeper/proto/gophkeeper.pb.go:1444.2,1444.24 1 0
github.com/Vidkin/gophkeeper/proto/gophkeeper.pb.go:1448.58,1450.2 1 0
github.com/Vidkin/gophkeeper/proto/gophkeeper.pb.go:1452.52,1453.14 1 0
github.com/Vidkin/gophkeeper/proto/gophkeeper.pb.go:1453.14,1455.3 1 0
github.com/Vidkin/gophkeeper/proto/gophkeeper.pb.go:1456.2,1456.11 1 0
github.com/Vidkin/gophkeeper/proto/gophkeeper.pb.go:1470.40,1475.2 4 0
github.com/Vidkin/gophkeeper/proto/gophkeeper.pb.go:1477.48,1479.2 1 0
github.com/Vidkin/gophkeeper/proto/gophkeeper.pb.go:1481.46,1481.47 0 0
github.com/Vidkin/gophkeeper/proto/gophkeeper.pb.go:1483.68,1485.14 2 0
github.com/Vidkin/gophkeeper/proto/gophkeeper.pb.go:1485.14,1487.34 2 0
github.com/Vidkin/gophkeeper/proto/gophkeeper.pb.go:1487.34,1489.4 1 0
github.com/Vidkin/gophkeeper/proto/gophkeeper.pb.go:1490.3,1490.12 1 0
github.com/Vidkin/gophkeeper/proto/gophkeeper.pb.go:1492.2,1492.24 1 0
github.com/Vidkin/gophkeeper/proto/gophkeeper.pb.go:1496.59,1498.2 1 0
github.com/Vidkin/gophkeeper/proto/gophkeeper.pb.go:1500.50,1501.14 1 0
github.com/Vidkin/gophkeeper/proto/gophkeeper.pb.go:1501.14,1503.3 1 0
github.com/Vidkin/gophkeeper/proto/gophkeeper.pb.go:1504.2,1504.12 1 0
github.com/Vidkin/gophkeeper/proto/gophkeeper.pb.go:1507.52,1508.14 1 0
github.com/Vidkin/gophkeeper/proto/gophkeeper.pb.go:1508.14,1510.3 1 0
github.com/Vidkin/gophkeeper/proto/gophkeeper.pb.go:1511.2,1511.10 1 0
github.com/Vidkin/gophkeeper/proto/gophkeeper.pb.go:1514.53,1515.14 1 0
github.com/Vidkin/gophkeeper/proto/gophkeeper.pb.go:1515.14,1517.3 1 0
github.com/Vidkin/gophkeeper/proto/gophkeeper.pb.go:1518.2,1518.11 1 0
github.com/Vidkin/gophkeeper/proto/gophkeeper.pb.go:1521.56,1522.14 1 0
github.com/Vidkin/gophkeeper/proto/gophkeeper.pb.go:1522.14,1524.3 1 0
github.com/Vidkin/gophkeeper/proto/gophkeeper.pb.go:1525.2,1525.11 1 0
github.com/Vidkin/gophkeeper/proto/gophkeeper.pb.go:1540.24,1545.2 4 0
github.com/Vidkin/gophkeeper/proto/gophkeeper.pb.go:1547.32,1549.2 1 0
github.com/Vidkin/gophkeeper/proto/gophkeeper.pb.go:1551.30,1551.31 0 0
github.com/Vidkin/gophkeeper/proto/gophkeeper.pb.go:1553.52,1555.14 2 0
github.com/Vidkin/gophkeeper/proto/gophkeeper.pb.go:1555.14,1557.34 2 0
github.com/Vidkin/gophkeeper/proto/gophkeeper.pb.go:1557.34,1559.4 1 0
github.com/Vidkin/gophkeeper/proto/gophkeeper.pb.go:1560.3,1560.12 1 0
github.com/Vidkin/gophkeeper/proto/gophkeeper.pb.go:1562.2,1562.24 1 0
github.com/Vidkin/gophkeeper/proto/gophkeeper.pb.go:1566.43,1568.2 1 0
github.com/Vidkin/gophkeeper/proto/gophkeeper.pb.go:1570.30,1571.14 1 0
github.com/Vidkin/gophkeeper/proto/gophkeeper.pb.go:1571.14,1573.3 1 0
github.com/Vidkin/gophkeeper/proto/gophkeeper.pb.go:1574.2,1574.10 1 0
github.com/Vidkin/gophkeeper/proto/gophkeeper.pb.go:1577.37,1578.14 1 0
github.com/Vidkin/gophkeeper/proto/gophkeeper.pb.go:1578.14,1580.3 1 0
github.com/Vidkin/gophkeeper/proto/gophkeeper.pb.go:1581.2,1581.11 1 0
github.com/Vidkin/gophkeeper/proto/gophkeeper.pb.go:1584.40,1585.14 1 0
github.com/Vidkin/gophkeeper/proto/gophkeeper.pb.go:1585.14,1587.3 1 0
github.com/Vidkin/gophkeeper/proto/gophkeeper.pb.go:1588.2,1588.11 1 0
github.com/Vidkin/gophkeeper/proto/gophkeeper.pb.go:1591.38,1592.14 1 0
github.com/Vidkin/gophkeeper/proto/gophkeeper.pb.go:1592.14,1594.3 1 0
github.com/Vidkin/gophkeeper/proto/gophkeeper.pb.go:1595.2,1595.11 1 0
github.com/Vidkin/gophkeeper/proto/gophkeeper.pb.go:1598.36,1599.14 1 0
github.com/Vidkin/gophkeeper/proto/gophkeeper.pb.go:1599.14,1601.3 1 0
github.com/Vidkin/gophkeeper/proto/gophkeeper.pb.go:1602.2,1602.10 1 0
github.com/Vidkin/gophkeeper/proto/gophkeeper.pb.go:1611.35,1616.2 4 0
github.com/Vidkin/gophkeeper/proto/gophkeeper.pb.go:1618.43,1620.2 1 0
github.com/Vidkin/gophkeeper/proto/gophkeeper.pb.go:1622.41,1622.42 0 0
github.com/Vidkin/gophkeeper/proto/gophkeeper.pb.go:1624.63,1626.14 2 0
github.com/Vidkin/gophkeeper/proto/gophkeeper.pb.go:1626.14,1628.34 2 0
github.com/Vidkin/gophkeeper/proto/gophkeeper.pb.go:1628.34,1630.4 1 0
github.com/Vidkin/gophkeeper/proto/gophkeeper.pb.go:1631.3,1631.12 1 0
github.com/Vidkin/gophkeeper/proto/gophkeeper.pb.go:1633.2,1633.24 1 0
github.com/Vidkin/gophkeeper/proto/gophkeeper.pb.go:1637.54,1639.2 1 0
github.com/Vidkin/gophkeeper/proto/gophkeeper.pb.go:1649.36,1654.2 4 0
github.com/Vidkin/gophkeeper/proto/gophkeeper.pb.go:1656.44,1658.2 1 0
github.com/Vidkin/gophkeeper/proto/gophkeeper.pb.go:1660.42,1660.43 0 0
github.com/Vidkin/gophkeeper/proto/gophkeeper.pb.go:1662.64,1664.14 2 0
github.com/Vidkin/gophkeeper/proto/gophkeeper.pb.go:1664.14,1666.34 2 0
github.com/Vidkin/gophkeeper/proto/gophkeeper.pb.go:1666.34,1668.4 1 0
github.com/Vidkin/gophkeeper/proto/gophkeeper.pb.go:1669.3,1669.12 1 0
github.com/Vidkin/gophkeeper/proto/gophkeeper.pb.go:1671.2,1671.24 1 0
github.com/Vidkin/gophkeeper/proto/gophkeeper.pb.go:1675.55,1677.2 1 0
github.com/Vidkin/gophkeeper/proto/gophkeeper.pb.go:1679.47,1680.14 1 0
github.com/Vidkin/gophkeeper/proto/gophkeeper.pb.go:1680.14,1682.3 1 0
github.com/Vidkin/gophkeeper/proto/gophkeeper.pb.go:1683.2,1683.12 1 0
github.com/Vidkin/gophkeeper/proto/gophkeeper.pb.go:1936.55,1937.52 1 0
github.com/Vidkin/gophkeeper/proto/gophkeeper.pb.go:1937.52,1939.3 1 0
github.com/Vidkin/gophkeeper/proto/gophkeeper.pb.go:1940.2,1940.48 1 0
github.com/Vidkin/gophkeeper/proto/gophkeeper.pb.go:2039.13,2039.51 1 1
github.com/Vidkin/gophkeeper/proto/gophkeeper.pb.go:2040.41,2041.40 1 1
github.com/Vidkin/gophkeeper/proto/gophkeeper.pb.go:2041.40,2043.3 1 0
github.com/Vidkin/gophkeeper/proto/gophkeeper.pb.go:2044.2,2061.43 6 1
github.com/Vidkin/gophkeeper/proto/gophkeeper_grpc.pb.go:73.72,75.2 1 0
github.com/Vidkin/gophkeeper/proto/gophkeeper_grpc.pb.go:77.136,81.16 4 0
github.com/Vidkin/gophkeeper/proto/gophkeeper_grpc.pb.go:81.16,83.3 1 0
github.com/Vidkin/gophkeeper/proto/gophkeeper_grpc.pb.go:84.2,84.17 1 0
github.com/Vidkin/gophkeeper/proto/gophkeeper_grpc.pb.go:87.134,91.16 4 0
github.com/Vidkin/gophkeeper/proto/gophkeeper_grpc.pb.go:91.16,93.3 1 0
github.com/Vidkin/gophkeeper/proto/gophkeeper_grpc.pb.go:94.2,94.17 1 0
github.com/Vidkin/gophkeeper/proto/gophkeeper_grpc.pb.go:97.119,101.16 4 0
github.com/Vidkin/gophkeeper/proto/gophkeeper_grpc.pb.go:101.16,103.3 1 0
github.com/Vidkin/gophkeeper/proto/gophkeeper_grpc.pb.go:104.2,104.17 1 0
github.com/Vidkin/gophkeeper/proto/gophkeeper_grpc.pb.go:107.134,111.16 4 0
github.com/Vidkin/gophkeeper/proto/gophkeeper_grpc.pb.go:111.16,113.3 1 0
github.com/Vidkin/gophkeeper/proto/gophkeeper_grpc.pb.go:114.2,114.17 1 0
github.com/Vidkin/gophkeeper/proto/gophkeeper_grpc.pb.go:117.140,121.16 4 0
github.com/Vidkin/gophkeeper/proto/gophkeeper_grpc.pb.go:121.16,123.3 1 0
github.com/Vidkin/gophkeeper/proto/gophkeeper_grpc.pb.go:124.2,124.17 1 0
github.com/Vidkin/gophkeeper/proto/gophkeeper_grpc.pb.go:127.143,131.16 4 0
github.com/Vidkin/gophkeeper/proto/gophkeeper_grpc.pb.go:131.16,133.3 1 0
github.com/Vidkin/gophkeeper/proto/gophkeeper_grpc.pb.go:134.2,134.17 1 0
github.com/Vidkin/gophkeeper/proto/gophkeeper_grpc.pb.go:137.140,141.16 4 0
github.com/Vidkin/gophkeeper/proto/gophkeeper_grpc.pb.go:141.16,143.3 1 0
github.com/Vidkin/gophkeeper/proto/gophkeeper_grpc.pb.go:144.2,144.17 1 0
github.com/Vidkin/gophkeeper/proto/gophkeeper_grpc.pb.go:147.148,151.16 4 0
github.com/Vidkin/gophkeeper/proto/gophkeeper_grpc.pb.go:151.16,153.3 1 0
github.com/Vidkin/gophkeeper/proto/gophkeeper_grpc.pb.go:154.2,154.17 1 0
github.com/Vidkin/gophkeeper/proto/gophkeeper_grpc.pb.go:157.161,161.16 4 0
github.com/Vidkin/gophkeeper/proto/gophkeeper_grpc.pb.go:161.16,163.3 1 0
github.com/Vidkin/gophkeeper/proto/gophkeeper_grpc.pb.go:164.2,164.17 1 0
github.com/Vidkin/gophkeeper/proto/gophkeeper_grpc.pb.go:167.158,171.16 4 0
github.com/Vidkin/gophkeeper/proto/gophkeeper_grpc.pb.go:171.16,173.3 1 0
github.com/Vidkin/gophkeeper/proto/gophkeeper_grpc.pb.go:174.2,174.17 1 0
github.com/Vidkin/gophkeeper/proto/gophkeeper_grpc.pb.go:177.154,181.16 4 0
github.com/Vidkin/gophkeeper/proto/gophkeeper_grpc.pb.go:181.16,183.3 1 0
github.com/Vidkin/gophkeeper/proto/gophkeeper_grpc.pb.go:184.2,184.17 1 0
github.com/Vidkin/gophkeeper/proto/gophkeeper_grpc.pb.go:187.126,191.16 4 0
github.com/Vidkin/gophkeeper/proto/gophkeeper_grpc.pb.go:191.16,193.3 1 0
github.com/Vidkin/gophkeeper/proto/gophkeeper_grpc.pb.go:194.2,194.17 1 0
github.com/Vidkin/gophkeeper/proto/gophkeeper_grpc.pb.go:197.131,201.16 4 0
github.com/Vidkin/gophkeeper/proto/gophkeeper_grpc.pb.go:201.16,203.3 1 0
github.com/Vidkin/gophkeeper/proto/gophkeeper_grpc.pb.go:204.2,204.17 1 0
github.com/Vidkin/gophkeeper/proto/gophkeeper_grpc.pb.go:207.128,211.16 4 0
github.com/Vidkin/gophkeeper/proto/gophkeeper_grpc.pb.go:211.16,213.3 1 0
github.com/Vidkin/gophkeeper/proto/gophkeeper_grpc.pb.go:214.2,214.17 1 0
github.com/Vidkin/gophkeeper/proto/gophkeeper_grpc.pb.go:217.132,221.16 4 0
github.com/Vidkin/gophkeeper/proto/gophkeeper_grpc.pb.go:221.16,223.3 1 0
github.com/Vidkin/gophkeeper/proto/gophkeeper_grpc.pb.go:224.2,224.17 1 0
github.com/Vidkin/gophkeeper/proto/gophkeeper_grpc.pb.go:227.156,230.16 3 0
github.com/Vidkin/gophkeeper/proto/gophkeeper_grpc.pb.go:230.16,232.3 1 0
github.com/Vidkin/gophkeeper/proto/gophkeeper_grpc.pb.go:233.2,234.15 2 0
github.com/Vidkin/gophkeeper/proto/gophkeeper_grpc.pb.go:240.166,243.16 3 0
github.com/Vidkin/gophkeeper/proto/gophkeeper_grpc.pb.go:243.16,245.3 1 0
github.com/Vidkin/gophkeeper/proto/gophkeeper_grpc.pb.go:246.2,247.51 2 0
github.com/Vidkin/gophkeeper/proto/gophkeeper_grpc.pb.go:247.51,249.3 1 0
github.com/Vidkin/gophkeeper/proto/gophkeeper_grpc.pb.go:250.2,250.51 1 0
github.com/Vidkin/gophkeeper/proto/gophkeeper_grpc.pb.go:250.51,252.3 1 0
github.com/Vidkin/gophkeeper/proto/gophkeeper_grpc.pb.go:253.2,253.15 1 0
github.com/Vidkin/gophkeeper/proto/gophkeeper_grpc.pb.go:259.132,263.16 4 0
github.com/Vidkin/gophkeeper/proto/gophkeeper_grpc.pb.go:263.16,265.3 1 0
github.com/Vidkin/gophkeeper/proto/gophkeeper_grpc.pb.go:266.2,266.17 1 0
github.com/Vidkin/gophkeeper/proto/gophkeeper_grpc.pb.go:269.131,273.16 4 0
github.com/Vidkin/gophkeeper/proto/gophkeeper_grpc.pb.go:273.16,275.3 1 0
github.com/Vidkin/gophkeeper/proto/gophkeeper_grpc.pb.go:276.2,276.17 1 0
github.com/Vidkin/gophkeeper/proto/gophkeeper_grpc.pb.go:312.114,314.2 1 0
github.com/Vidkin/gophkeeper/proto/gophkeeper_grpc.pb.go:315.112,317.2 1 0
github.com/Vidkin/gophkeeper/proto/gophkeeper_grpc.pb.go:318.97,320.2 1 0
github.com/Vidkin/gophkeeper/proto/gophkeeper_grpc.pb.go:321.112,323.2 1 0
github.com/Vidkin/gophkeeper/proto/gophkeeper_grpc.pb.go:324.118,326.2 1 0
github.com/Vidkin/gophkeeper/proto/gophkeeper_grpc.pb.go:327.121,329.2 1 0
github.com/Vidkin/gophkeeper/proto/gophkeeper_grpc.pb.go:330.118,332.2 1 0
github.com/Vidkin/gophkeeper/proto/gophkeeper_grpc.pb.go:333.126,335.2 1 0
github.com/Vidkin/gophkeeper/proto/gophkeeper_grpc.pb.go:336.139,338.2 1 0
github.com/Vidkin/gophkeeper/proto/gophkeeper_grpc.pb.go:339.136,341.2 1 0
github.com/Vidkin/gophkeeper/proto/gophkeeper_grpc.pb.go:342.132,344.2 1 0
github.com/Vidkin/gophkeeper/proto/gophkeeper_grpc.pb.go:345.104,347.2 1 0
github.com/Vidkin/gophkeeper/proto/gophkeeper_grpc.pb.go:348.109,350.2 1 0
github.com/Vidkin/gophkeeper/proto/gophkeeper_grpc.pb.go:351.106,353.2 1 0
github.com/Vidkin/gophkeeper/proto/gophkeeper_grpc.pb.go:354.110,356.2 1 0
github.com/Vidkin/gophkeeper/proto/gophkeeper_grpc.pb.go:357.118,359.2 1 0
github.com/Vidkin/gophkeeper/proto/gophkeeper_grpc.pb.go:360.125,362.2 1 0
github.com/Vidkin/gophkeeper/proto/gophkeeper_grpc.pb.go:363.110,365.2 1 0
github.com/Vidkin/gophkeeper/proto/gophkeeper_grpc.pb.go:366.109,368.2 1 0
github.com/Vidkin/gophkeeper/proto/gophkeeper_grpc.pb.go:369.80,369.81 0 0
github.com/Vidkin/gophkeeper/proto/gophkeeper_grpc.pb.go:370.80,370.81 0 0
github.com/Vidkin/gophkeeper/proto/gophkeeper_grpc.pb.go:379.78,384.59 1 0
github.com/Vidkin/gophkeeper/proto/gophkeeper_grpc.pb.go:384.59,386.3 1 0
github.com/Vidkin/gophkeeper/proto/gophkeeper_grpc.pb.go:387.2,387.49 1 0
github.com/Vidkin/gophkeeper/proto/gophkeeper_grpc.pb.go:390.168,392.32 2 0
github.com/Vidkin/gophkeeper/proto/gophkeeper_grpc.pb.go:392.32,394.3 1 0
github.com/Vidkin/gophkeeper/proto/gophkeeper_grpc.pb.go:395.2,395.24 1 0
github.com/Vidkin/gophkeeper/proto/gophkeeper_grpc.pb.go:395.24,397.3 1 0
github.com/Vidkin/gophkeeper/proto/gophkeeper_grpc.pb.go:398.2,402.77 2 0
github.com/Vidkin/gophkeeper/proto/gophkeeper_grpc.pb.go:402.77,404.3 1 0
github.com/Vidkin/gophkeeper/proto/gophkeeper_grpc.pb.go:405.2,405.44 1 0
github.com/Vidkin/gophkeeper/proto/gophkeeper_grpc.pb.go:408.165,410.32 2 0
github.com/Vidkin/gophkeeper/proto/gophkeeper_grpc.pb.go:410.32,412.3 1 0
github.com/Vidkin/gophkeeper/proto/gophkeeper_grpc.pb.go:413.2,413.24 1 0
github.com/Vidkin/gophkeeper/proto/gophkeeper_grpc.pb.go:413.24,415.3 1 0
github.com/Vidkin/gophkeeper/proto/gophkeeper_grpc.pb.go:416.2,420.77 2 0
github.com/Vidkin/gophkeeper/proto/gophkeeper_grpc.pb.go:420.77,422.3 1 0
github.com/Vidkin/gophkeeper/proto/gophkeeper_grpc.pb.go:423.2,423.44 1 0
github.com/Vidkin/gophkeeper/proto/gophkeeper_grpc.pb.go:426.160,428.32 2 0
github.com/Vidkin/gophkeeper/proto/gophkeeper_grpc.pb.go:428.32,430.3 1 0
github.com/Vidkin/gophkeeper/proto/gophkeeper_grpc.pb.go:431.2,431.24 1 0
github.com/Vidkin/gophkeeper/proto/gophkeeper_grpc.pb.go:431.24,433.3 1 0
github.com/Vidkin/gophkeeper/proto/gophkeeper_grpc.pb.go:434.2,438.77 2 0
github.com/Vidkin/gophkeeper/proto/gophkeeper_grpc.pb.go:438.77,440.3 1 0
github.com/Vidkin/gophkeeper/proto/gophkeeper_grpc.pb.go:441.2,441.44 1 0
github.com/Vidkin/gophkeeper/proto/gophkeeper_grpc.pb.go:444.167,446.32 2 0
github.com/Vidkin/gophkeeper/proto/gophkeeper_grpc.pb.go:446.32,448.3 1 0
github.com/Vidkin/gophkeeper/proto/gophkeeper_grpc.pb.go:449.2,449.24 1 0
github.com/Vidkin/gophkeeper/proto/gophkeeper_grpc.pb.go:449.24,451.3 1 0
github.com/Vidkin/gophkeeper/proto/gophkeeper_grpc.pb.go:452.2,456.77 2 0
github.com/Vidkin/gophkeeper/proto/gophkeeper_grpc.pb.go:456.77,458.3 1 0
github.com/Vidkin/gophkeeper/proto/gophkeeper_grpc.pb.go:459.2,459.44 1 0
github.com/Vidkin/gophkeeper/proto/gophkeeper_grpc.pb.go:462.170,464.32 2 0
github.com/Vidkin/gophkeeper/proto/gophkeeper_grpc.pb.go:464.32,466.3 1 0
github.com/Vidkin/gophkeeper/proto/gophkeeper_grpc.pb.go:467.2,467.24 1 0
github.com/Vidkin/gophkeeper/proto/gophkeeper_grpc.pb.go:467.24,469.3 1 0
github.com/Vidkin/gophkeeper/proto/gophkeeper_grpc.pb.go:470.2,474.77 2 0
github.com/Vidkin/gophkeeper/proto/gophkeeper_grpc.pb.go:474.77,476.3 1 0
github.com/Vidkin/gophkeeper/proto/gophkeeper_grpc.pb.go:477.2,477.44 1 0
github.com/Vidkin/gophkeeper/proto/gophkeeper_grpc.pb.go:480.168,482.32 2 0
github.com/Vidkin/gophkeeper/proto/gophkeeper_grpc.pb.go:482.32,484.3 1 0
github.com/Vidkin/gophkeeper/proto/gophkeeper_grpc.pb.go:485.2,485.24 1 0
github.com/Vidkin/gophkeeper/proto/gophkeeper_grpc.pb.go:485.24,487.3 1 0
github.com/Vidkin/gophkeeper/proto/gophkeeper_grpc.pb.go:488.2,492.77 2 0
github.com/Vidkin/gophkeeper/proto/gophkeeper_grpc.pb.go:492.77,494.3 1 0
github.com/Vidkin/gophkeeper/proto/gophkeeper_grpc.pb.go:495.2,495.44 1 0
github.com/Vidkin/gophkeeper/proto/gophkeeper_grpc.pb.go:498.167,500.32 2 0
github.com/Vidkin/gophkeeper/proto/gophkeeper_grpc.pb.go:500.32,502.3 1 0
github.com/Vidkin/gophkeeper/proto/gophkeeper_grpc.pb.go:503.2,503.24 1 0
github.com/Vidkin/gophkeeper/proto/gophkeeper_grpc.pb.go:503.24,505.3 1 0
github.com/Vidkin/gophkeeper/proto/gophkeeper_grpc.pb.go:506.2,510.77 2 0
github.com/Vidkin/gophkeeper/proto/gophkeeper_grpc.pb.go:510.77,512.3 1 0
github.com/Vidkin/gophkeeper/proto/gophkeeper_grpc.pb.go:513.2,513.44 1 0
github.com/Vidkin/gophkeeper/proto/gophkeeper_grpc.pb.go:516.174,518.32 2 0
github.com/Vidkin/gophkeeper/proto/gophkeeper_grpc.pb.go:518.32,520.3 1 0
github.com/Vidkin/gophkeeper/proto/gophkeeper_grpc.pb.go:521.2,521.24 1 0
github.com/Vidkin/gophkeeper/proto/gophkeeper_grpc.pb.go:521.24,523.3 1 0
github.com/Vidkin/gophkeeper/proto/gophkeeper_grpc.pb.go:524.2,528.77 2 0
github.com/Vidkin/gophkeeper/proto/gophkeeper_grpc.pb.go:528.77,530.3 1 0
github.com/Vidkin/gophkeeper/proto/gophkeeper_grpc.pb.go:531.2,531.44 1 0
github.com/Vidkin/gophkeeper/proto/gophkeeper_grpc.pb.go:534.174,536.32 2 0
github.com/Vidkin/gophkeeper/proto/gophkeeper_grpc.pb.go:536.32,538.3 1 0
github.com/Vidkin/gophkeeper/proto/gophkeeper_grpc.pb.go:539.2,539.24 1 0
github.com/Vidkin/gophkeeper/proto/gophkeeper_grpc.pb.go:539.24,541.3 1 0
github.com/Vidkin/gophkeeper/proto/gophkeeper_grpc.pb.go:542.2,546.77 2 0
github.com/Vidkin/gophkeeper/proto/gophkeeper_grpc.pb.go:546.77,548.3 1 0
github.com/Vidkin/gophkeeper/proto/gophkeeper_grpc.pb.go:549.2,549.44 1 0
github.com/Vidkin/gophkeeper/proto/gophkeeper_grpc.pb.go:552.173,554.32 2 0
github.com/Vidkin/gophkeeper/proto/gophkeeper_grpc.pb.go:554.32,556.3 1 0
github.com/Vidkin/gophkeeper/proto/gophkeeper_grpc.pb.go:557.2,557.24 1 0
github.com/Vidkin/gophkeeper/proto/gophkeeper_grpc.pb.go:557.24,559.3 1 0
github.com/Vidkin/gophkeeper/proto/gophkeeper_grpc.pb.go:560.2,564.77 2 0
github.com/Vidkin/gophkeeper/proto/gophkeeper_grpc.pb.go:564.77,566.3 1 0
github.com/Vidkin/gophkeeper/proto/gophkeeper_grpc.pb.go:567.2,567.44 1 0
github.com/Vidkin/gophkeeper/proto/gophkeeper_grpc.pb.go:570.177,572.32 2 0
github.com/Vidkin/gophkeeper/proto/gophkeeper_grpc.pb.go:572.32,574.3 1 0
github.com/Vidkin/gophkeeper/proto/gophkeeper_grpc.pb.go:575.2,575.24 1 0
github.com/Vidkin/gophkeeper/proto/gophkeeper_grpc.pb.go:575.24,577.3 1 0
github.com/Vidkin/gophkeeper/proto/gophkeeper_grpc.pb.go:578.2,582.77 2 0
github.com/Vidkin/gophkeeper/proto/gophkeeper_grpc.pb.go:582.77,584.3 1 0
github.com/Vidkin/gophkeeper/proto/gophkeeper_grpc.pb.go:585.2,585.44 1 0
github.com/Vidkin/gophkeeper/proto/gophkeeper_grpc.pb.go:588.163,590.32 2 0
github.com/Vidkin/gophkeeper/proto/gophkeeper_grpc.pb.go:590.32,592.3 1 0
github.com/Vidkin/gophkeeper/proto/gophkeeper_grpc.pb.go:593.2,593.24 1 0
github.com/Vidkin/gophkeeper/proto/gophkeeper_grpc.pb.go:593.24,595.3 1 0
github.com/Vidkin/gophkeeper/proto/gophkeeper_grpc.pb.go:596.2,600.77 2 0
github.com/Vidkin/gophkeeper/proto/gophkeeper_grpc.pb.go:600.77,602.3 1 0
github.com/Vidkin/gophkeeper/proto/gophkeeper_grpc.pb.go:603.2,603.44 1 0
github.com/Vidkin/gophkeeper/proto/gophkeeper_grpc.pb.go:606.164,608.32 2 0
github.com/Vidkin/gophkeeper/proto/gophkeeper_grpc.pb.go:608.32,610.3 1 0
github.com/Vidkin/gophkeeper/proto/gophkeeper_grpc.pb.go:611.2,611.24 1 0
github.com/Vidkin/gophkeeper/proto/gophkeeper_grpc.pb.go:611.24,613.3 1 0
github.com/Vidkin/gophkeeper/proto/gophkeeper_grpc.pb.go:614.2,618.77 2 0
github.com/Vidkin/gophkeeper/proto/gophkeeper_grpc.pb.go:618.77,620.3 1 0
github.com/Vidkin/gophkeeper/proto/gophkeeper_grpc.pb.go:621.2,621.44 1 0
github.com/Vidkin/gophkeeper/proto/gophkeeper_grpc.pb.go:624.163,626.32 2 0
github.com/Vidkin/gophkeeper/proto/gophkeeper_grpc.pb.go:626.32,628.3 1 0
github.com/Vidkin/gophkeeper/proto/gophkeeper_grpc.pb.go:629.2,629.24 1 0
github.com/Vidkin/gophkeeper/proto/gophkeeper_grpc.pb.go:629.24,631.3 1 0
github.com/Vidkin/gophkeeper/proto/gophkeeper_grpc.pb.go:632.2,636.77 2 0
github.com/Vidkin/gophkeeper/proto/gophkeeper_grpc.pb.go:636.77,638.3 1 0
github.com/Vidkin/gophkeeper/proto/gophkeeper_grpc.pb.go:639.2,639.44 1 0
github.com/Vidkin/gophkeeper/proto/gophkeeper_grpc.pb.go:642.166,644.32 2 0
github.com/Vidkin/gophkeeper/proto/gophkeeper_grpc.pb.go:644.32,646.3 1 0
github.com/Vidkin/gophkeeper/proto/gophkeeper_grpc.pb.go:647.2,647.24 1 0
github.com/Vidkin/gophkeeper/proto/gophkeeper_grpc.pb.go:647.24,649.3 1 0
github.com/Vidkin/gophkeeper/proto/gophkeeper_grpc.pb.go:650.2,654.77 2 0
github.com/Vidkin/gophkeeper/proto/gophkeeper_grpc.pb.go:654.77,656.3 1 0
github.com/Vidkin/gophkeeper/proto/gophkeeper_grpc.pb.go:657.2,657.44 1 0
github.com/Vidkin/gophkeeper/proto/gophkeeper_grpc.pb.go:660.82,662.2 1 0
github.com/Vidkin/gophkeeper/proto/gophkeeper_grpc.pb.go:667.84,669.42 2 0
github.com/Vidkin/gophkeeper/proto/gophkeeper_grpc.pb.go:669.42,671.3 1 0
github.com/Vidkin/gophkeeper/proto/gophkeeper_grpc.pb.go:672.2,672.135 1 0
github.com/Vidkin/gophkeeper/proto/gophkeeper_grpc.pb.go:678.166,680.32 2 0
github.com/Vidkin/gophkeeper/proto/gophkeeper_grpc.pb.go:680.32,682.3 1 0
github.com/Vidkin/gophkeeper/proto/gophkeeper_grpc.pb.go:683.2,683.24 1 0
github.com/Vidkin/gophkeeper/proto/gophkeeper_grpc.pb.go:683.24,685.3 1 0
github.com/Vidkin/gophkeeper/proto/gophkeeper_grpc.pb.go:686.2,690.77 2 0
github.com/Vidkin/gophkeeper/proto/gophkeeper_grpc.pb.go:690.77,692.3 1 0
github.com/Vidkin/gophkeeper/proto/gophkeeper_grpc.pb.go:693.2,693.44 1 0
github.com/Vidkin/gophkeeper/proto/gophkeeper_grpc.pb.go:696.164,698.32 2 0
github.com/Vidkin/gophkeeper/proto/gophkeeper_grpc.pb.go:698.32,700.3 1 0
github.com/Vidkin/gophkeeper/proto/gophkeeper_grpc.pb.go:701.2,701.24 1 0
github.com/Vidkin/gophkeeper/proto/gophkeeper_grpc.pb.go:701.24,703.3 1 0
github.com/Vidkin/gophkeeper/proto/gophkeeper_grpc.pb.go:704.2,708.77 2 0
github.com/Vidkin/gophkeeper/proto/gophkeeper_grpc.pb.go:708.77,710.3 1 0
github.com/Vidkin/gophkeeper/proto/gophkeeper_grpc.pb.go:711.2,711.44 1 0
github.com/Vidkin/gophkeeper/internal/config/interval.go:19.53,22.59 2 2
github.com/Vidkin/gophkeeper/internal/config/interval.go:22.59,24.3 1 0
github.com/Vidkin/gophkeeper/internal/config/interval.go:26.2,26.41 1 2
github.com/Vidkin/gophkeeper/internal/config/interval.go:26.41,28.17 2 1
github.com/Vidkin/gophkeeper/internal/config/interval.go:28.17,30.4 1 0
github.com/Vidkin/gophkeeper/internal/config/interval.go:31.3,31.25 1 1
github.com/Vidkin/gophkeeper/internal/config/interval.go:32.8,34.3 1 1
github.com/Vidkin/gophkeeper/internal/config/interval.go:35.2,35.12 1 1
github.com/Vidkin/gophkeeper/internal/config/interval.go:40.49,44.2 2 4
github.com/Vidkin/gophkeeper/internal/config/server.go:43.47,48.16 5 5
github.com/Vidkin/gophkeeper/internal/config/server.go:48.16,50.3 1 3
github.com/Vidkin/gophkeeper/internal/config/server.go:51.2,51.21 1 2
github.com/Vidkin/gophkeeper/internal/config/server.go:54.48,71.46 15 5
github.com/Vidkin/gophkeeper/internal/config/server.go:71.46,74.3 2 0
github.com/Vidkin/gophkeeper/internal/config/server.go:75.2,75.29 1 5
github.com/Vidkin/gophkeeper/internal/config/server.go:75.29,76.66 1 2
github.com/Vidkin/gophkeeper/internal/config/server.go:76.66,78.4 1 2
github.com/Vidkin/gophkeeper/internal/config/server.go:81.2,82.16 2 5
github.com/Vidkin/gophkeeper/internal/config/server.go:82.16,84.3 1 0
github.com/Vidkin/gophkeeper/internal/config/server.go:86.2,86.40 1 5
github.com/Vidkin/gophkeeper/internal/config/server.go:86.40,88.3 1 5
github.com/Vidkin/gophkeeper/internal/config/server.go:90.2,90.67 1 5
github.com/Vidkin/gophkeeper/internal/config/server.go:90.67,92.3 1 3
github.com/Vidkin/gophkeeper/internal/config/server.go:94.2,94.63 1 2
github.com/Vidkin/gophkeeper/internal/config/server.go:94.63,96.3 1 0
github.com/Vidkin/gophkeeper/internal/config/server.go:98.2,98.32 1 2
github.com/Vidkin/gophkeeper/internal/config/server.go:98.32,100.3 1 0
github.com/Vidkin/gophkeeper/internal/config/server.go:102.2,102.39 1 2
github.com/Vidkin/gophkeeper/internal/config/server.go:102.39,104.3 1 0
github.com/Vidkin/gophkeeper/internal/config/server.go:106.2,106.35 1 2
github.com/Vidkin/gophkeeper/internal/config/server.go:106.35,108.3 1 0
github.com/Vidkin/gophkeeper/internal/config/server.go:110.2,110.25 1 2
github.com/Vidkin/gophkeeper/internal/config/server.go:110.25,112.3 1 0
github.com/Vidkin/gophkeeper/internal/config/server.go:114.2,114.12 1 2
github.com/Vidkin/gophkeeper/internal/config/server.go:117.63,119.16 2 2
github.com/Vidkin/gophkeeper/internal/config/server.go:119.16,121.3 1 0
github.com/Vidkin/gophkeeper/internal/config/server.go:123.2,124.63 2 2
github.com/Vidkin/gophkeeper/internal/config/server.go:124.63,126.3 1 2
github.com/Vidkin/gophkeeper/internal/config/server.go:128.2,128.40 1 0
github.com/Vidkin/gophkeeper/internal/config/server.go:128.40,130.3 1 0
github.com/Vidkin/gophkeeper/internal/config/server.go:132.2,136.33 4 0
github.com/Vidkin/gophkeeper/internal/config/server.go:136.33,138.14 2 0
github.com/Vidkin/gophkeeper/internal/config/server.go:139.20,140.22 1 0
github.com/Vidkin/gophkeeper/internal/config/server.go:141.20,142.24 1 0
github.com/Vidkin/gophkeeper/internal/config/server.go:146.2,146.18 1 0
github.com/Vidkin/gophkeeper/internal/config/server.go:146.18,148.3 1 0
github.com/Vidkin/gophkeeper/internal/config/server.go:150.2,150.20 1 0
github.com/Vidkin/gophkeeper/internal/config/server.go:150.20,152.3 1 0
github.com/Vidkin/gophkeeper/internal/config/server.go:154.2,154.12 1 0
github.com/Vidkin/gophkeeper/internal/config/server_address.go:38.40,43.2 1 14
github.com/Vidkin/gophkeeper/internal/config/server_address.go:49.41,51.2 1 13
github.com/Vidkin/gophkeeper/internal/config/server_address.go:61.55,64.31 2 5
github.com/Vidkin/gophkeeper/internal/config/server_address.go:64.31,66.3 1 1
github.com/Vidkin/gophkeeper/internal/config/server_address.go:68.2,70.16 2 4
github.com/Vidkin/gophkeeper/internal/config/server_address.go:70.16,72.3 1 1
github.com/Vidkin/gophkeeper/internal/config/server_address.go:74.2,77.12 3 3
github.com/Vidkin/gophkeeper/internal/config/server_address.go:88.58,91.16 3 5
github.com/Vidkin/gophkeeper/internal/config/server_address.go:91.16,93.3 1 3
github.com/Vidkin/gophkeeper/internal/config/server_address.go:94.2,96.16 3 2
github.com/Vidkin/gophkeeper/internal/config/server_address.go:96.16,98.3 1 1
github.com/Vidkin/gophkeeper/internal/config/server_address.go:99.2,100.12 2 1
github.com/Vidkin/gophkeeper/internal/config/server_address.go:105.55,108.2 2 2
github.com/Vidkin/gophkeeper/internal/logger/logger.go:27.40,29.16 2 5
github.com/Vidkin/gophkeeper/internal/logger/logger.go:29.16,31.3 1 0
github.com/Vidkin/gophkeeper/internal/logger/logger.go:33.2,37.16 4 5
github.com/Vidkin/gophkeeper/internal/logger/logger.go:37.16,39.3 1 0
github.com/Vidkin/gophkeeper/internal/logger/logger.go:40.2,43.12 3 5
github.com/Vidkin/gophkeeper/pkg/aes/decrypt.go:32.47,34.16 2 7
github.com/Vidkin/gophkeeper/pkg/aes/decrypt.go:34.16,36.3 1 1
github.com/Vidkin/gophkeeper/pkg/aes/decrypt.go:38.2,39.16 2 6
github.com/Vidkin/gophkeeper/pkg/aes/decrypt.go:39.16,41.3 1 3
github.com/Vidkin/gophkeeper/pkg/aes/decrypt.go:43.2,44.16 2 3
github.com/Vidkin/gophkeeper/pkg/aes/decrypt.go:44.16,46.3 1 0
github.com/Vidkin/gophkeeper/pkg/aes/decrypt.go:48.2,49.27 2 3
github.com/Vidkin/gophkeeper/pkg/aes/decrypt.go:49.27,51.3 1 0
github.com/Vidkin/gophkeeper/pkg/aes/decrypt.go:52.2,55.16 3 3
github.com/Vidkin/gophkeeper/pkg/aes/decrypt.go:55.16,57.3 1 0
github.com/Vidkin/gophkeeper/pkg/aes/decrypt.go:59.2,59.25 1 3
github.com/Vidkin/gophkeeper/pkg/aes/encrypt.go:32.47,34.16 2 6
github.com/Vidkin/gophkeeper/pkg/aes/encrypt.go:34.16,36.3 1 2
github.com/Vidkin/gophkeeper/pkg/aes/encrypt.go:38.2,39.16 2 4
github.com/Vidkin/gophkeeper/pkg/aes/encrypt.go:39.16,41.3 1 0
github.com/Vidkin/gophkeeper/pkg/aes/encrypt.go:43.2,44.59 2 4
github.com/Vidkin/gophkeeper/pkg/aes/encrypt.go:44.59,46.3 1 0
github.com/Vidkin/gophkeeper/pkg/aes/encrypt.go:48.2,49.59 2 4
github.com/Vidkin/gophkeeper/proto/gophkeeper.pb.go:35.31,40.2 4 0
github.com/Vidkin/gophkeeper/proto/gophkeeper.pb.go:42.39,44.2 1 0
github.com/Vidkin/gophkeeper/proto/gophkeeper.pb.go:46.37,46.38 0 0
github.com/Vidkin/gophkeeper/proto/gophkeeper.pb.go:48.59,50.14 2 0
github.com/Vidkin/gophkeeper/proto/gophkeeper.pb.go:50.14,52.34 2 0
github.com/Vidkin/gophkeeper/proto/gophkeeper.pb.go:52.34,54.4 1 0
github.com/Vidkin/gophkeeper/proto/gophkeeper.pb.go:55.3,55.12 1 0
github.com/Vidkin/gophkeeper/proto/gophkeeper.pb.go:57.2,57.24 1 0
github.com/Vidkin/gophkeeper/proto/gophkeeper.pb.go:61.50,63.2 1 0
github.com/Vidkin/gophkeeper/proto/gophkeeper.pb.go:65.37,66.14 1 0
github.com/Vidkin/gophkeeper/proto/gophkeeper.pb.go:66.14,68.3 1 0
github.com/Vidkin/gophkeeper/proto/gophkeeper.pb.go:69.2,69.10 1 0
github.com/Vidkin/gophkeeper/proto/gophkeeper.pb.go:72.41,73.14 1 0
github.com/Vidkin/gophkeeper/proto/gophkeeper.pb.go:73.14,75.3 1 0
github.com/Vidkin/gophkeeper/proto/gophkeeper.pb.go:76.2,76.11 1 0
github.com/Vidkin/gophkeeper/proto/gophkeeper.pb.go:79.44,80.14 1 0
github.com/Vidkin/gophkeeper/proto/gophkeeper.pb.go:80.14,82.3 1 0
github.com/Vidkin/gophkeeper/proto/gophkeeper.pb.go:83.2,83.11 1 0
github.com/Vidkin/gophkeeper/proto/gophkeeper.pb.go:86.47,87.14 1 0
github.com/Vidkin/gophkeeper/proto/gophkeeper.pb.go:87.14,89.3 1 0
github.com/Vidkin/gophkeeper/proto/gophkeeper.pb.go:90.2,90.11 1 0
github.com/Vidkin/gophkeeper/proto/gophkeeper.pb.go:103.24,108.2 4 0
github.com/Vidkin/gophkeeper/proto/gophkeeper.pb.go:110.32,112.2 1 0
github.com/Vidkin/gophkeeper/proto/gophkeeper.pb.go:114.30,114.31 0 0
github.com/Vidkin/gophkeeper/proto/gophkeeper.pb.go:116.52,118.14 2 0
github.com/Vidkin/gophkeeper/proto/gophkeeper.pb.go:118.14,120.34 2 0
github.com/Vidkin/gophkeeper/proto/gophkeeper.pb.go:120.34,122.4 1 0
github.com/Vidkin/gophkeeper/proto/gophkeeper.pb.go:123.3,123.12 1 0
github.com/Vidkin/gophkeeper/proto/gophkeeper.pb.go:125.2,125.24 1 0
github.com/Vidkin/gophkeeper/proto/gophkeeper.pb.go:129.43,131.2 1 0
github.com/Vidkin/gophkeeper/proto/gophkeeper.pb.go:133.30,134.14 1 0
github.com/Vidkin/gophkeeper/proto/gophkeeper.pb.go:134.14,136.3 1 0
github.com/Vidkin/gophkeeper/proto/gophkeeper.pb.go:137.2,137.10 1 0
github.com/Vidkin/gophkeeper/proto/gophkeeper.pb.go:140.33,141.14 1 0
github.com/Vidkin/gophkeeper/proto/gophkeeper.pb.go:141.14,143.3 1 0
github.com/Vidkin/gophkeeper/proto/gophkeeper.pb.go:144.2,144.11 1 0
github.com/Vidkin/gophkeeper/proto/gophkeeper.pb.go:147.40,148.14 1 0
github.com/Vidkin/gophkeeper/proto/gophkeeper.pb.go:148.14,150.3 1 0
github.com/Vidkin/gophkeeper/proto/gophkeeper.pb.go:151.2,151.11 1 0
github.com/Vidkin/gophkeeper/proto/gophkeeper.pb.go:162.39,167.2 4 0
github.com/Vidkin/gophkeeper/proto/gophkeeper.pb.go:169.47,171.2 1 0
github.com/Vidkin/gophkeeper/proto/gophkeeper.pb.go:173.45,173.46 0 0
github.com/Vidkin/gophkeeper/proto/gophkeeper.pb.go:175.67,177.14 2 0
github.com/Vidkin/gophkeeper/proto/gophkeeper.pb.go:177.14,179.34 2 0
github.com/Vidkin/gophkeeper/proto/gophkeeper.pb.go:179.34,181.4 1 0
github.com/Vidkin/gophkeeper/proto/gophkeeper.pb.go:182.3,182.12 1 0
github.com/Vidkin/gophkeeper/proto/gophkeeper.pb.go:184.2,184.24 1 0
github.com/Vidkin/gophkeeper/proto/gophkeeper.pb.go:188.58,190.2 1 0
github.com/Vidkin/gophkeeper/proto/gophkeeper.pb.go:192.61,193.14 1 0
github.com/Vidkin/gophkeeper/proto/gophkeeper.pb.go:193.14,195.3 1 0
github.com/Vidkin/gophkeeper/proto/gophkeeper.pb.go:196.2,196.12 1 0
github.com/Vidkin/gophkeeper/proto/gophkeeper.pb.go:207.36,212.2 4 0
github.com/Vidkin/gophkeeper/proto/gophkeeper.pb.go:214.44,216.2 1 0
github.com/Vidkin/gophkeeper/proto/gophkeeper.pb.go:218.42,218.43 0 0
github.com/Vidkin/gophkeeper/proto/gophkeeper.pb.go:220.64,222.14 2 0
github.com/Vidkin/gophkeeper/proto/gophkeeper.pb.go:222.14,224.34 2 0
github.com/Vidkin/gophkeeper/proto/gophkeeper.pb.go:224.34,226.4 1 0
github.com/Vidkin/gophkeeper/proto/gophkeeper.pb.go:227.3,227.12 1 0
github.com/Vidkin/gophkeeper/proto/gophkeeper.pb.go:229.2,229.24 1 0
github.com/Vidkin/gophkeeper/proto/gophkeeper.pb.go:233.55,235.2 1 0
github.com/Vidkin/gophkeeper/proto/gophkeeper.pb.go:237.58,238.14 1 0
github.com/Vidkin/gophkeeper/proto/gophkeeper.pb.go:238.14,240.3 1 0
github.com/Vidkin/gophkeeper/proto/gophkeeper.pb.go:241.2,241.12 1 0
github.com/Vidkin/gophkeeper/proto/gophkeeper.pb.go:252.37,257.2 4 0
github.com/Vidkin/gophkeeper/proto/gophkeeper.pb.go:259.45,261.2 1 0
github.com/Vidkin/gophkeeper/proto/gophkeeper.pb.go:263.43,263.44 0 0
github.com/Vidkin/gophkeeper/proto/gophkeeper.pb.go:265.65,267.14 2 0
github.com/Vidkin/gophkeeper/proto/gophkeeper.pb.go:267.14,269.34 2 0
github.com/Vidkin/gophkeeper/proto/gophkeeper.pb.go:269.34,271.4 1 0
github.com/Vidkin/gophkeeper/proto/gophkeeper.pb.go:272.3,272.12 1 0
github.com/Vidkin/gophkeeper/proto/gophkeeper.pb.go:274.2,274.24 1 0
github.com/Vidkin/gophkeeper/proto/gophkeeper.pb.go:278.56,280.2 1 0
github.com/Vidkin/gophkeeper/proto/gophkeeper.pb.go:282.47,283.14 1 0
github.com/Vidkin/gophkeeper/proto/gophkeeper.pb.go:283.14,285.3 1 0
github.com/Vidkin/gophkeeper/proto/gophkeeper.pb.go:286.2,286.11 1 0
github.com/Vidkin/gophkeeper/proto/gophkeeper.pb.go:297.45,302.2 4 0
github.com/Vidkin/gophkeeper/proto/gophkeeper.pb.go:304.53,306.2 1 0
github.com/Vidkin/gophkeeper/proto/gophkeeper.pb.go:308.51,308.52 0 0
github.com/Vidkin/gophkeeper/proto/gophkeeper.pb.go:310.73,312.14 2 0
github.com/Vidkin/gophkeeper/proto/gophkeeper.pb.go:312.14,314.34 2 0
github.com/Vidkin/gophkeeper/proto/gophkeeper.pb.go:314.34,316.4 1 0
github.com/Vidkin/gophkeeper/proto/gophkeeper.pb.go:317.3,317.12 1 0
github.com/Vidkin/gophkeeper/proto/gophkeeper.pb.go:319.2,319.24 1 0
github.com/Vidkin/gophkeeper/proto/gophkeeper.pb.go:323.64,325.2 1 0
github.com/Vidkin/gophkeeper/proto/gophkeeper.pb.go:327.67,328.14 1 0
github.com/Vidkin/gophkeeper/proto/gophkeeper.pb.go:328.14,330.3 1 0
github.com/Vidkin/gophkeeper/proto/gophkeeper.pb.go:331.2,331.12 1 0
github.com/Vidkin/gophkeeper/proto/gophkeeper.pb.go:340.45,345.2 4 0
github.com/Vidkin/gophkeeper/proto/gophkeeper.pb.go:347.53,349.2 1 0
github.com/Vidkin/gophkeeper/proto/gophkeeper.pb.go:351.51,351.52 0 0
github.com/Vidkin/gophkeeper/proto/gophkeeper.pb.go:353.73,355.14 2 0
github.com/Vidkin/gophkeeper/proto/gophkeeper.pb.go:355.14,357.34 2 0
github.com/Vidkin/gophkeeper/proto/gophkeeper.pb.go:357.34,359.4 1 0
github.com/Vidkin/gophkeeper/proto/gophkeeper.pb.go:360.3,360.12 1 0
github.com/Vidkin/gophkeeper/proto/gophkeeper.pb.go:362.2,362.24 1 0
github.com/Vidkin/gophkeeper/proto/gophkeeper.pb.go:366.64,368.2 1 0
github.com/Vidkin/gophkeeper/proto/gophkeeper.pb.go:378.46,383.2 4 0
github.com/Vidkin/gophkeeper/proto/gophkeeper.pb.go:385.54,387.2 1 0
github.com/Vidkin/gophkeeper/proto/gophkeeper.pb.go:389.52,389.53 0 0
github.com/Vidkin/gophkeeper/proto/gophkeeper.pb.go:391.74,393.14 2 0
github.com/Vidkin/gophkeeper/proto/gophkeeper.pb.go:393.14,395.34 2 0
github.com/Vidkin/gophkeeper/proto/gophkeeper.pb.go:395.34,397.4 1 0
github.com/Vidkin/gophkeeper/proto/gophkeeper.pb.go:398.3,398.12 1 0
github.com/Vidkin/gophkeeper/proto/gophkeeper.pb.go:400.2,400.24 1 0
github.com/Vidkin/gophkeeper/proto/gophkeeper.pb.go:404.65,406.2 1 0
github.com/Vidkin/gophkeeper/proto/gophkeeper.pb.go:408.70,409.14 1 0
github.com/Vidkin/gophkeeper/proto/gophkeeper.pb.go:409.14,411.3 1 0
github.com/Vidkin/gophkeeper/proto/gophkeeper.pb.go:412.2,412.12 1 0
github.com/Vidkin/gophkeeper/proto/gophkeeper.pb.go:423.44,428.2 4 0
github.com/Vidkin/gophkeeper/proto/gophkeeper.pb.go:430.52,432.2 1 0
github.com/Vidkin/gophkeeper/proto/gophkeeper.pb.go:434.50,434.51 0 0
github.com/Vidkin/gophkeeper/proto/gophkeeper.pb.go:436.72,438.14 2 0
github.com/Vidkin/gophkeeper/proto/gophkeeper.pb.go:438.14,440.34 2 0
github.com/Vidkin/gophkeeper/proto/gophkeeper.pb.go:440.34,442.4 1 0
github.com/Vidkin/gophkeeper/proto/gophkeeper.pb.go:443.3,443.12 1 0
github.com/Vidkin/gophkeeper/proto/gophkeeper.pb.go:445.2,445.24 1 0
github.com/Vidkin/gophkeeper/proto/gophkeeper.pb.go:449.63,451.2 1 0
github.com/Vidkin/gophkeeper/proto/gophkeeper.pb.go:453.51,454.14 1 0
github.com/Vidkin/gophkeeper/proto/gophkeeper.pb.go:454.14,456.3 1 0
github.com/Vidkin/gophkeeper/proto/gophkeeper.pb.go:457.2,457.11 1 0
github.com/Vidkin/gophkeeper/proto/gophkeeper.pb.go:468.45,473.2 4 0
github.com/Vidkin/gophkeeper/proto/gophkeeper.pb.go:475.53,477.2 1 0
github.com/Vidkin/gophkeeper/proto/gophkeeper.pb.go:479.51,479.52 0 0
github.com/Vidkin/gophkeeper/proto/gophkeeper.pb.go:481.73,483.14 2 0
github.com/Vidkin/gophkeeper/proto/gophkeeper.pb.go:483.14,485.34 2 0
github.com/Vidkin/gophkeeper/proto/gophkeeper.pb.go:485.34,487.4 1 0
github.com/Vidkin/gophkeeper/proto/gophkeeper.pb.go:488.3,488.12 1 0
github.com/Vidkin/gophkeeper/proto/gophkeeper.pb.go:490.2,490.24 1 0
github.com/Vidkin/gophkeeper/proto/gophkeeper.pb.go:494.64,496.2 1 0
github.com/Vidkin/gophkeeper/proto/gophkeeper.pb.go:498.67,499.14 1 0
github.com/Vidkin/gophkeeper/proto/gophkeeper.pb.go:499.14,501.3 1 0
github.com/Vidkin/gophkeeper/proto/gophkeeper.pb.go:502.2,502.12 1 0
github.com/Vidkin/gophkeeper/proto/gophkeeper.pb.go:513.34,518.2 4 0
github.com/Vidkin/gophkeeper/proto/gophkeeper.pb.go:520.42,522.2 1 0
github.com/Vidkin/gophkeeper/proto/gophkeeper.pb.go:524.40,524.41 0 0
github.com/Vidkin/gophkeeper/proto/gophkeeper.pb.go:526.62,528.14 2 0
github.com/Vidkin/gophkeeper/proto/gophkeeper.pb.go:528.14,530.34 2 0
github.com/Vidkin/gophkeeper/proto/gophkeeper.pb.go:530.34,532.4 1 0
github.com/Vidkin/gophkeeper/proto/gophkeeper.pb.go:533.3,533.12 1 0
github.com/Vidkin/gophkeeper/proto/gophkeeper.pb.go:535.2,535.24 1 0
github.com/Vidkin/gophkeeper/proto/gophkeeper.pb.go:539.53,541.2 1 0
github.com/Vidkin/gophkeeper/proto/gophkeeper.pb.go:543.42,544.14 1 0
github.com/Vidkin/gophkeeper/proto/gophkeeper.pb.go:544.14,546.3 1 0
github.com/Vidkin/gophkeeper/proto/gophkeeper.pb.go:547.2,547.12 1 0
github.com/Vidkin/gophkeeper/proto/gophkeeper.pb.go:556.35,561.2 4 0
github.com/Vidkin/gophkeeper/proto/gophkeeper.pb.go:563.43,565.2 1 0
github.com/Vidkin/gophkeeper/proto/gophkeeper.pb.go:567.41,567.42 0 0
github.com/Vidkin/gophkeeper/proto/gophkeeper.pb.go:569.63,571.14 2 0
github.com/Vidkin/gophkeeper/proto/gophkeeper.pb.go:571.14,573.34 2 0
github.com/Vidkin/gophkeeper/proto/gophkeeper.pb.go:573.34,575.4 1 0
github.com/Vidkin/gophkeeper/proto/gophkeeper.pb.go:576.3,576.12 1 0
github.com/Vidkin/gophkeeper/proto/gophkeeper.pb.go:578.2,578.24 1 0
github.com/Vidkin/gophkeeper/proto/gophkeeper.pb.go:582.54,584.2 1 0
github.com/Vidkin/gophkeeper/proto/gophkeeper.pb.go:594.36,599.2 4 0
github.com/Vidkin/gophkeeper/proto/gophkeeper.pb.go:601.44,603.2 1 0
github.com/Vidkin/gophkeeper/proto/gophkeeper.pb.go:605.42,605.43 0 0
github.com/Vidkin/gophkeeper/proto/gophkeeper.pb.go:607.64,609.14 2 0
github.com/Vidkin/gophkeeper/proto/gophkeeper.pb.go:609.14,611.34 2 0
github.com/Vidkin/gophkeeper/proto/gophkeeper.pb.go:611.34,613.4 1 0
github.com/Vidkin/gophkeeper/proto/gophkeeper.pb.go:614.3,614.12 1 0
github.com/Vidkin/gophkeeper/proto/gophkeeper.pb.go:616.2,616.24 1 0
github.com/Vidkin/gophkeeper/proto/gophkeeper.pb.go:620.55,622.2 1 0
github.com/Vidkin/gophkeeper/proto/gophkeeper.pb.go:624.47,625.14 1 0
github.com/Vidkin/gophkeeper/proto/gophkeeper.pb.go:625.14,627.3 1 0
github.com/Vidkin/gophkeeper/proto/gophkeeper.pb.go:628.2,628.12 1 0
github.com/Vidkin/gophkeeper/proto/gophkeeper.pb.go:639.34,644.2 4 0
github.com/Vidkin/gophkeeper/proto/gophkeeper.pb.go:646.42,648.2 1 0
github.com/Vidkin/gophkeeper/proto/gophkeeper.pb.go:650.40,650.41 0 0
github.com/Vidkin/gophkeeper/proto/gophkeeper.pb.go:652.62,654.14 2 0
github.com/Vidkin/gophkeeper/proto/gophkeeper.pb.go:654.14,656.34 2 0
github.com/Vidkin/gophkeeper/proto/gophkeeper.pb.go:656.34,658.4 1 0
github.com/Vidkin/gophkeeper/proto/gophkeeper.pb.go:659.3,659.12 1 0
github.com/Vidkin/gophkeeper/proto/gophkeeper.pb.go:661.2,661.24 1 0
github.com/Vidkin/gophkeeper/proto/gophkeeper.pb.go:665.53,667.2 1 0
github.com/Vidkin/gophkeeper/proto/gophkeeper.pb.go:669.41,670.14 1 0
github.com/Vidkin/gophkeeper/proto/gophkeeper.pb.go:670.14,672.3 1 0
github.com/Vidkin/gophkeeper/proto/gophkeeper.pb.go:673.2,673.11 1 0
github.com/Vidkin/gophkeeper/proto/gophkeeper.pb.go:684.35,689.2 4 0
github.com/Vidkin/gophkeeper/proto/gophkeeper.pb.go:691.43,693.2 1 0
github.com/Vidkin/gophkeeper/proto/gophkeeper.pb.go:695.41,695.42 0 0
github.com/Vidkin/gophkeeper/proto/gophkeeper.pb.go:697.63,699.14 2 0
github.com/Vidkin/gophkeeper/proto/gophkeeper.pb.go:699.14,701.34 2 0
github.com/Vidkin/gophkeeper/proto/gophkeeper.pb.go:701.34,703.4 1 0
github.com/Vidkin/gophkeeper/proto/gophkeeper.pb.go:704.3,704.12 1 0
github.com/Vidkin/gophkeeper/proto/gophkeeper.pb.go:706.2,706.24 1 0
github.com/Vidkin/gophkeeper/proto/gophkeeper.pb.go:710.54,712.2 1 0
github.com/Vidkin/gophkeeper/proto/gophkeeper.pb.go:714.43,715.14 1 0
github.com/Vidkin/gophkeeper/proto/gophkeeper.pb.go:715.14,717.3 1 0
github.com/Vidkin/gophkeeper/proto/gophkeeper.pb.go:718.2,718.12 1 0
github.com/Vidkin/gophkeeper/proto/gophkeeper.pb.go:729.37,734.2 4 0
github.com/Vidkin/gophkeeper/proto/gophkeeper.pb.go:736.45,738.2 1 0
github.com/Vidkin/gophkeeper/proto/gophkeeper.pb.go:740.43,740.44 0 0
github.com/Vidkin/gophkeeper/proto/gophkeeper.pb.go:742.65,744.14 2 0
github.com/Vidkin/gophkeeper/proto/gophkeeper.pb.go:744.14,746.34 2 0
github.com/Vidkin/gophkeeper/proto/gophkeeper.pb.go:746.34,748.4 1 0
github.com/Vidkin/gophkeeper/proto/gophkeeper.pb.go:749.3,749.12 1 0
github.com/Vidkin/gophkeeper/proto/gophkeeper.pb.go:751.2,751.24 1 0
github.com/Vidkin/gophkeeper/proto/gophkeeper.pb.go:755.56,757.2 1 0
github.com/Vidkin/gophkeeper/proto/gophkeeper.pb.go:759.44,760.14 1 0
github.com/Vidkin/gophkeeper/proto/gophkeeper.pb.go:760.14,762.3 1 0
github.com/Vidkin/gophkeeper/proto/gophkeeper.pb.go:763.2,763.11 1 0
github.com/Vidkin/gophkeeper/proto/gophkeeper.pb.go:774.31,779.2 4 0
github.com/Vidkin/gophkeeper/proto/gophkeeper.pb.go:781.39,783.2 1 0
github.com/Vidkin/gophkeeper/proto/gophkeeper.pb.go:785.37,785.38 0 0
github.com/Vidkin/gophkeeper/proto/gophkeeper.pb.go:787.59,789.14 2 0
github.com/Vidkin/gophkeeper/proto/gophkeeper.pb.go:789.14,791.34 2 0
github.com/Vidkin/gophkeeper/proto/gophkeeper.pb.go:791.34,793.4 1 0
github.com/Vidkin/gophkeeper/proto/gophkeeper.pb.go:794.3,794.12 1 0
github.com/Vidkin/gophkeeper/proto/gophkeeper.pb.go:796.2,796.24 1 0
github.com/Vidkin/gophkeeper/proto/gophkeeper.pb.go:800.50,802.2 1 0
github.com/Vidkin/gophkeeper/proto/gophkeeper.pb.go:804.43,805.14 1 0
github.com/Vidkin/gophkeeper/proto/gophkeeper.pb.go:805.14,807.3 1 0
github.com/Vidkin/gophkeeper/proto/gophkeeper.pb.go:808.2,808.11 1 0
github.com/Vidkin/gophkeeper/proto/gophkeeper.pb.go:819.32,824.2 4 0
github.com/Vidkin/gophkeeper/proto/gophkeeper.pb.go:826.40,828.2 1 0
github.com/Vidkin/gophkeeper/proto/gophkeeper.pb.go:830.38,830.39 0 0
github.com/Vidkin/gophkeeper/proto/gophkeeper.pb.go:832.60,834.14 2 0
github.com/Vidkin/gophkeeper/proto/gophkeeper.pb.go:834.14,836.34 2 0
github.com/Vidkin/gophkeeper/proto/gophkeeper.pb.go:836.34,838.4 1 0
github.com/Vidkin/gophkeeper/proto/gophkeeper.pb.go:839.3,839.12 1 0
github.com/Vidkin/gophkeeper/proto/gophkeeper.pb.go:841.2,841.24 1 0
github.com/Vidkin/gophkeeper/proto/gophkeeper.pb.go:845.51,847.2 1 0
github.com/Vidkin/gophkeeper/proto/gophkeeper.pb.go:849.44,850.14 1 0
github.com/Vidkin/gophkeeper/proto/gophkeeper.pb.go:850.14,852.3 1 0
github.com/Vidkin/gophkeeper/proto/gophkeeper.pb.go:853.2,853.11 1 0
github.com/Vidkin/gophkeeper/proto/gophkeeper.pb.go:869.28,874.2 4 0
github.com/Vidkin/gophkeeper/proto/gophkeeper.pb.go:876.36,878.2 1 0
github.com/Vidkin/gophkeeper/proto/gophkeeper.pb.go:880.34,880.35 0 0
github.com/Vidkin/gophkeeper/proto/gophkeeper.pb.go:882.56,884.14 2 0
github.com/Vidkin/gophkeeper/proto/gophkeeper.pb.go:884.14,886.34 2 0
github.com/Vidkin/gophkeeper/proto/gophkeeper.pb.go:886.34,888.4 1 0
github.com/Vidkin/gophkeeper/proto/gophkeeper.pb.go:889.3,889.12 1 0
github.com/Vidkin/gophkeeper/proto/gophkeeper.pb.go:891.2,891.24 1 0
github.com/Vidkin/gophkeeper/proto/gophkeeper.pb.go:895.47,897.2 1 0
github.com/Vidkin/gophkeeper/proto/gophkeeper.pb.go:899.34,900.14 1 0
github.com/Vidkin/gophkeeper/proto/gophkeeper.pb.go:900.14,902.3 1 0
github.com/Vidkin/gophkeeper/proto/gophkeeper.pb.go:903.2,903.10 1 0
github.com/Vidkin/gophkeeper/proto/gophkeeper.pb.go:906.39,907.14 1 0
github.com/Vidkin/gophkeeper/proto/gophkeeper.pb.go:907.14,909.3 1 0
github.com/Vidkin/gophkeeper/proto/gophkeeper.pb.go:910.2,910.11 1 0
github.com/Vidkin/gophkeeper/proto/gophkeeper.pb.go:913.43,914.14 1 0
github.com/Vidkin/gophkeeper/proto/gophkeeper.pb.go:914.14,916.3 1 0
github.com/Vidkin/gophkeeper/proto/gophkeeper.pb.go:917.2,917.11 1 0
github.com/Vidkin/gophkeeper/proto/gophkeeper.pb.go:920.36,921.14 1 0
github.com/Vidkin/gophkeeper/proto/gophkeeper.pb.go:921.14,923.3 1 0
github.com/Vidkin/gophkeeper/proto/gophkeeper.pb.go:924.2,924.11 1 0
github.com/Vidkin/gophkeeper/proto/gophkeeper.pb.go:927.38,928.14 1 0
github.com/Vidkin/gophkeeper/proto/gophkeeper.pb.go:928.14,930.3 1 0
github.com/Vidkin/gophkeeper/proto/gophkeeper.pb.go:931.2,931.11 1 0
github.com/Vidkin/gophkeeper/proto/gophkeeper.pb.go:934.44,935.14 1 0
github.com/Vidkin/gophkeeper/proto/gophkeeper.pb.go:935.14,937.3 1 0
github.com/Vidkin/gophkeeper/proto/gophkeeper.pb.go:938.2,938.11 1 0
github.com/Vidkin/gophkeeper/proto/gophkeeper.pb.go:949.38,954.2 4 0
github.com/Vidkin/gophkeeper/proto/gophkeeper.pb.go:956.46,958.2 1 0
github.com/Vidkin/gophkeeper/proto/gophkeeper.pb.go:960.44,960.45 0 0
github.com/Vidkin/gophkeeper/proto/gophkeeper.pb.go:962.66,964.14 2 0
github.com/Vidkin/gophkeeper/proto/gophkeeper.pb.go:964.14,966.34 2 0
github.com/Vidkin/gophkeeper/proto/gophkeeper.pb.go:966.34,968.4 1 0
github.com/Vidkin/gophkeeper/proto/gophkeeper.pb.go:969.3,969.12 1 0
github.com/Vidkin/gophkeeper/proto/gophkeeper.pb.go:971.2,971.24 1 0
github.com/Vidkin/gophkeeper/proto/gophkeeper.pb.go:975.57,977.2 1 0
github.com/Vidkin/gophkeeper/proto/gophkeeper.pb.go:979.50,980.14 1 0
github.com/Vidkin/gophkeeper/proto/gophkeeper.pb.go:980.14,982.3 1 0
github.com/Vidkin/gophkeeper/proto/gophkeeper.pb.go:983.2,983.12 1 0
github.com/Vidkin/gophkeeper/proto/gophkeeper.pb.go:994.41,999.2 4 0
github.com/Vidkin/gophkeeper/proto/gophkeeper.pb.go:1001.49,1003.2 1 0
github.com/Vidkin/gophkeeper/proto/gophkeeper.pb.go:1005.47,1005.48 0 0
github.com/Vidkin/gophkeeper/proto/gophkeeper.pb.go:1007.69,1009.14 2 0
github.com/Vidkin/gophkeeper/proto/gophkeeper.pb.go:1009.14,1011.34 2 0
github.com/Vidkin/gophkeeper/proto/gophkeeper.pb.go:1011.34,1013.4 1 0
github.com/Vidkin/gophkeeper/proto/gophkeeper.pb.go:1014.3,1014.12 1 0
github.com/Vidkin/gophkeeper/proto/gophkeeper.pb.go:1016.2,1016.24 1 0
github.com/Vidkin/gophkeeper/proto/gophkeeper.pb.go:1020.60,1022.2 1 0
[...]
github.com/Vidkin/gophkeeper/proto/gophkeeper.pb.go:1562.2,1562.24 1 3
github.com/Vidkin/gophkeeper/proto/gophkeeper.pb.go:1566.43,1568.2 1 0
github.com/Vidkin/gophkeeper/proto/gophkeeper.pb.go:1570.30,1571.14 1 0
github.com/Vidkin/gophkeeper/proto/gophkeeper.pb.go:1571.14,1573.3 1 0
github.com/Vidkin/gophkeeper/proto/gophkeeper.pb.go:1574.2,1574.10 1 0
github.com/Vidkin/gophkeeper/proto/gophkeeper.pb.go:1577.37,1578.14 1 0
github.com/Vidkin/gophkeeper/proto/gophkeeper.pb.go:1578.14,1580.3 1 0
github.com/Vidkin/gophkeeper/proto/gophkeeper.pb.go:1581.2,1581.11 1 0
github.com/Vidkin/gophkeeper/proto/gophkeeper.pb.go:1584.40,1585.14 1 0
github.com/Vidkin/gophkeeper/proto/gophkeeper.pb.go:1585.14,1587.3 1 0
github.com/Vidkin/gophkeeper/proto/gophkeeper.pb.go:1588.2,1588.11 1 0
github.com/Vidkin/gophkeeper/proto/gophkeeper.pb.go:1591.38,1592.14 1 0
github.com/Vidkin/gophkeeper/proto/gophkeeper.pb.go:1592.14,1594.3 1 0
github.com/Vidkin/gophkeeper/proto/gophkeeper.pb.go:1595.2,1595.11 1 0
github.com/Vidkin/gophkeeper/proto/gophkeeper.pb.go:1598.36,1599.14 1 0
github.com/Vidkin/gophkeeper/proto/gophkeeper.pb.go:1599.14,1601.3 1 0
github.com/Vidkin/gophkeeper/proto/gophkeeper.pb.go:1602.2,1602.10 1 0
github.com/Vidkin/gophkeeper/proto/gophkeeper.pb.go:1611.35,1616.2 4 3
github.com/Vidkin/gophkeeper/proto/gophkeeper.pb.go:1618.43,1620.2 1 0
github.com/Vidkin/gophkeeper/proto/gophkeeper.pb.go:1622.41,1622.42 0 0
github.com/Vidkin/gophkeeper/proto/gophkeeper.pb.go:1624.63,1626.14 2 20
github.com/Vidkin/gophkeeper/proto/gophkeeper.pb.go:1626.14,1628.34 2 20
github.com/Vidkin/gophkeeper/proto/gophkeeper.pb.go:1628.34,1630.4 1 6
github.com/Vidkin/gophkeeper/proto/gophkeeper.pb.go:1631.3,1631.12 1 20
github.com/Vidkin/gophkeeper/proto/gophkeeper.pb.go:1633.2,1633.24 1 0
github.com/Vidkin/gophkeeper/proto/gophkeeper.pb.go:1637.54,1639.2 1 0
github.com/Vidkin/gophkeeper/proto/gophkeeper.pb.go:1649.36,1654.2 4 1
github.com/Vidkin/gophkeeper/proto/gophkeeper.pb.go:1656.44,1658.2 1 0
github.com/Vidkin/gophkeeper/proto/gophkeeper.pb.go:1660.42,1660.43 0 0
github.com/Vidkin/gophkeeper/proto/gophkeeper.pb.go:1662.64,1664.14 2 4
github.com/Vidkin/gophkeeper/proto/gophkeeper.pb.go:1664.14,1666.34 2 4
github.com/Vidkin/gophkeeper/proto/gophkeeper.pb.go:1666.34,1668.4 1 2
github.com/Vidkin/gophkeeper/proto/gophkeeper.pb.go:1669.3,1669.12 1 4
github.com/Vidkin/gophkeeper/proto/gophkeeper.pb.go:1671.2,1671.24 1 0
github.com/Vidkin/gophkeeper/proto/gophkeeper.pb.go:1675.55,1677.2 1 0
github.com/Vidkin/gophkeeper/proto/gophkeeper.pb.go:1679.47,1680.14 1 0
github.com/Vidkin/gophkeeper/proto/gophkeeper.pb.go:1680.14,1682.3 1 0
github.com/Vidkin/gophkeeper/proto/gophkeeper.pb.go:1683.2,1683.12 1 0
github.com/Vidkin/gophkeeper/proto/gophkeeper.pb.go:1936.55,1937.52 1 0
github.com/Vidkin/gophkeeper/proto/gophkeeper.pb.go:1937.52,1939.3 1 0
github.com/Vidkin/gophkeeper/proto/gophkeeper.pb.go:1940.2,1940.48 1 0
github.com/Vidkin/gophkeeper/proto/gophkeeper.pb.go:2039.13,2039.51 1 1
github.com/Vidkin/gophkeeper/proto/gophkeeper.pb.go:2040.41,2041.40 1 1
github.com/Vidkin/gophkeeper/proto/gophkeeper.pb.go:2041.40,2043.3 1 0
github.com/Vidkin/gophkeeper/proto/gophkeeper.pb.go:2044.2,2061.43 6 1
github.com/Vidkin/gophkeeper/proto/gophkeeper_grpc.pb.go:73.72,75.2 1 77
github.com/Vidkin/gophkeeper/proto/gophkeeper_grpc.pb.go:77.136,81.16 4 7
github.com/Vidkin/gophkeeper/proto/gophkeeper_grpc.pb.go:81.16,83.3 1 1
github.com/Vidkin/gophkeeper/proto/gophkeeper_grpc.pb.go:84.2,84.17 1 6
github.com/Vidkin/gophkeeper/proto/gophkeeper_grpc.pb.go:87.134,91.16 4 21
github.com/Vidkin/gophkeeper/proto/gophkeeper_grpc.pb.go:91.16,93.3 1 2
github.com/Vidkin/gophkeeper/proto/gophkeeper_grpc.pb.go:94.2,94.17 1 19
github.com/Vidkin/gophkeeper/proto/gophkeeper_grpc.pb.go:97.119,101.16 4 0
github.com/Vidkin/gophkeeper/proto/gophkeeper_grpc.pb.go:101.16,103.3 1 0
github.com/Vidkin/gophkeeper/proto/gophkeeper_grpc.pb.go:104.2,104.17 1 0
github.com/Vidkin/gophkeeper/proto/gophkeeper_grpc.pb.go:107.134,111.16 4 3
github.com/Vidkin/gophkeeper/proto/gophkeeper_grpc.pb.go:111.16,113.3 1 2
github.com/Vidkin/gophkeeper/proto/gophkeeper_grpc.pb.go:114.2,114.17 1 1
github.com/Vidkin/gophkeeper/proto/gophkeeper_grpc.pb.go:117.140,121.16 4 4
github.com/Vidkin/gophkeeper/proto/gophkeeper_grpc.pb.go:121.16,123.3 1 2
github.com/Vidkin/gophkeeper/proto/gophkeeper_grpc.pb.go:124.2,124.17 1 2
github.com/Vidkin/gophkeeper/proto/gophkeeper_grpc.pb.go:127.143,131.16 4 3
github.com/Vidkin/gophkeeper/proto/gophkeeper_grpc.pb.go:131.16,133.3 1 2
github.com/Vidkin/gophkeeper/proto/gophkeeper_grpc.pb.go:134.2,134.17 1 1
github.com/Vidkin/gophkeeper/proto/gophkeeper_grpc.pb.go:137.140,141.16 4 3
github.com/Vidkin/gophkeeper/proto/gophkeeper_grpc.pb.go:141.16,143.3 1 2
github.com/Vidkin/gophkeeper/proto/gophkeeper_grpc.pb.go:144.2,144.17 1 1
github.com/Vidkin/gophkeeper/proto/gophkeeper_grpc.pb.go:147.148,151.16 4 3
github.com/Vidkin/gophkeeper/proto/gophkeeper_grpc.pb.go:151.16,153.3 1 2
github.com/Vidkin/gophkeeper/proto/gophkeeper_grpc.pb.go:154.2,154.17 1 1
github.com/Vidkin/gophkeeper/proto/gophkeeper_grpc.pb.go:157.161,161.16 4 3
github.com/Vidkin/gophkeeper/proto/gophkeeper_grpc.pb.go:161.16,163.3 1 2
github.com/Vidkin/gophkeeper/proto/gophkeeper_grpc.pb.go:164.2,164.17 1 1
github.com/Vidkin/gophkeeper/proto/gophkeeper_grpc.pb.go:167.158,171.16 4 3
github.com/Vidkin/gophkeeper/proto/gophkeeper_grpc.pb.go:171.16,173.3 1 2
github.com/Vidkin/gophkeeper/proto/gophkeeper_grpc.pb.go:174.2,174.17 1 1
github.com/Vidkin/gophkeeper/proto/gophkeeper_grpc.pb.go:177.154,181.16 4 4
github.com/Vidkin/gophkeeper/proto/gophkeeper_grpc.pb.go:181.16,183.3 1 2
github.com/Vidkin/gophkeeper/proto/gophkeeper_grpc.pb.go:184.2,184.17 1 2
github.com/Vidkin/gophkeeper/proto/gophkeeper_grpc.pb.go:187.126,191.16 4 3
github.com/Vidkin/gophkeeper/proto/gophkeeper_grpc.pb.go:191.16,193.3 1 2
github.com/Vidkin/gophkeeper/proto/gophkeeper_grpc.pb.go:194.2,194.17 1 1
github.com/Vidkin/gophkeeper/proto/gophkeeper_grpc.pb.go:197.131,201.16 4 3
github.com/Vidkin/gophkeeper/proto/gophkeeper_grpc.pb.go:201.16,203.3 1 2
github.com/Vidkin/gophkeeper/proto/gophkeeper_grpc.pb.go:204.2,204.17 1 1
github.com/Vidkin/gophkeeper/proto/gophkeeper_grpc.pb.go:207.128,211.16 4 3
github.com/Vidkin/gophkeeper/proto/gophkeeper_grpc.pb.go:211.16,213.3 1 2
github.com/Vidkin/gophkeeper/proto/gophkeeper_grpc.pb.go:214.2,214.17 1 1
github.com/Vidkin/gophkeeper/proto/gophkeeper_grpc.pb.go:217.132,221.16 4 4
github.com/Vidkin/gophkeeper/proto/gophkeeper_grpc.pb.go:221.16,223.3 1 2
github.com/Vidkin/gophkeeper/proto/gophkeeper_grpc.pb.go:224.2,224.17 1 2
github.com/Vidkin/gophkeeper/proto/gophkeeper_grpc.pb.go:227.156,230.16 3 1
github.com/Vidkin/gophkeeper/proto/gophkeeper_grpc.pb.go:230.16,232.3 1 0
github.com/Vidkin/gophkeeper/proto/gophkeeper_grpc.pb.go:233.2,234.15 2 1
github.com/Vidkin/gophkeeper/proto/gophkeeper_grpc.pb.go:240.166,243.16 3 2
github.com/Vidkin/gophkeeper/proto/gophkeeper_grpc.pb.go:243.16,245.3 1 0
github.com/Vidkin/gophkeeper/proto/gophkeeper_grpc.pb.go:246.2,247.51 2 2
github.com/Vidkin/gophkeeper/proto/gophkeeper_grpc.pb.go:247.51,249.3 1 0
github.com/Vidkin/gophkeeper/proto/gophkeeper_grpc.pb.go:250.2,250.51 1 2
github.com/Vidkin/gophkeeper/proto/gophkeeper_grpc.pb.go:250.51,252.3 1 0
github.com/Vidkin/gophkeeper/proto/gophkeeper_grpc.pb.go:253.2,253.15 1 2
github.com/Vidkin/gophkeeper/proto/gophkeeper_grpc.pb.go:259.132,263.16 4 4
github.com/Vidkin/gophkeeper/proto/gophkeeper_grpc.pb.go:263.16,265.3 1 3
github.com/Vidkin/gophkeeper/proto/gophkeeper_grpc.pb.go:266.2,266.17 1 1
github.com/Vidkin/gophkeeper/proto/gophkeeper_grpc.pb.go:269.131,273.16 4 3
github.com/Vidkin/gophkeeper/proto/gophkeeper_grpc.pb.go:273.16,275.3 1 2
github.com/Vidkin/gophkeeper/proto/gophkeeper_grpc.pb.go:276.2,276.17 1 1
github.com/Vidkin/gophkeeper/proto/gophkeeper_grpc.pb.go:312.114,314.2 1 0
github.com/Vidkin/gophkeeper/proto/gophkeeper_grpc.pb.go:315.112,317.2 1 0
github.com/Vidkin/gophkeeper/proto/gophkeeper_grpc.pb.go:318.97,320.2 1 0
github.com/Vidkin/gophkeeper/proto/gophkeeper_grpc.pb.go:321.112,323.2 1 0
github.com/Vidkin/gophkeeper/proto/gophkeeper_grpc.pb.go:324.118,326.2 1 0
github.com/Vidkin/gophkeeper/proto/gophkeeper_grpc.pb.go:327.121,329.2 1 0
github.com/Vidkin/gophkeeper/proto/gophkeeper_grpc.pb.go:330.118,332.2 1 0
github.com/Vidkin/gophkeeper/proto/gophkeeper_grpc.pb.go:333.126,335.2 1 0
github.com/Vidkin/gophkeeper/proto/gophkeeper_grpc.pb.go:336.139,338.2 1 0
github.com/Vidkin/gophkeeper/proto/gophkeeper_grpc.pb.go:339.136,341.2 1 0
github.com/Vidkin/gophkeeper/proto/gophkeeper_grpc.pb.go:342.132,344.2 1 0
github.com/Vidkin/gophkeeper/proto/gophkeeper_grpc.pb.go:345.104,347.2 1 0
github.com/Vidkin/gophkeeper/proto/gophkeeper_grpc.pb.go:348.109,350.2 1 0
github.com/Vidkin/gophkeeper/proto/gophkeeper_grpc.pb.go:351.106,353.2 1 0
github.com/Vidkin/gophkeeper/proto/gophkeeper_grpc.pb.go:354.110,356.2 1 0
github.com/Vidkin/gophkeeper/proto/gophkeeper_grpc.pb.go:357.118,359.2 1 0
github.com/Vidkin/gophkeeper/proto/gophkeeper_grpc.pb.go:360.125,362.2 1 0
github.com/Vidkin/gophkeeper/proto/gophkeeper_grpc.pb.go:363.110,365.2 1 0
github.com/Vidkin/gophkeeper/proto/gophkeeper_grpc.pb.go:366.109,368.2 1 0
github.com/Vidkin/gophkeeper/proto/gophkeeper_grpc.pb.go:369.80,369.81 0 0
github.com/Vidkin/gophkeeper/proto/gophkeeper_grpc.pb.go:370.80,370.81 0 6
github.com/Vidkin/gophkeeper/proto/gophkeeper_grpc.pb.go:379.78,384.59 1 6
github.com/Vidkin/gophkeeper/proto/gophkeeper_grpc.pb.go:384.59,386.3 1 6
github.com/Vidkin/gophkeeper/proto/gophkeeper_grpc.pb.go:387.2,387.49 1 6
github.com/Vidkin/gophkeeper/proto/gophkeeper_grpc.pb.go:390.168,392.32 2 7
github.com/Vidkin/gophkeeper/proto/gophkeeper_grpc.pb.go:392.32,394.3 1 0
github.com/Vidkin/gophkeeper/proto/gophkeeper_grpc.pb.go:395.2,395.24 1 7
github.com/Vidkin/gophkeeper/proto/gophkeeper_grpc.pb.go:395.24,397.3 1 0
github.com/Vidkin/gophkeeper/proto/gophkeeper_grpc.pb.go:398.2,402.77 2 7
github.com/Vidkin/gophkeeper/proto/gophkeeper_grpc.pb.go:402.77,404.3 1 7
github.com/Vidkin/gophkeeper/proto/gophkeeper_grpc.pb.go:405.2,405.44 1 7
github.com/Vidkin/gophkeeper/proto/gophkeeper_grpc.pb.go:408.165,410.32 2 21
github.com/Vidkin/gophkeeper/proto/gophkeeper_grpc.pb.go:410.32,412.3 1 0
github.com/Vidkin/gophkeeper/proto/gophkeeper_grpc.pb.go:413.2,413.24 1 21
github.com/Vidkin/gophkeeper/proto/gophkeeper_grpc.pb.go:413.24,415.3 1 0
github.com/Vidkin/gophkeeper/proto/gophkeeper_grpc.pb.go:416.2,420.77 2 21
github.com/Vidkin/gophkeeper/proto/gophkeeper_grpc.pb.go:420.77,422.3 1 21
github.com/Vidkin/gophkeeper/proto/gophkeeper_grpc.pb.go:423.2,423.44 1 21
github.com/Vidkin/gophkeeper/proto/gophkeeper_grpc.pb.go:426.160,428.32 2 0
github.com/Vidkin/gophkeeper/proto/gophkeeper_grpc.pb.go:428.32,430.3 1 0
github.com/Vidkin/gophkeeper/proto/gophkeeper_grpc.pb.go:431.2,431.24 1 0
github.com/Vidkin/gophkeeper/proto/gophkeeper_grpc.pb.go:431.24,433.3 1 0
github.com/Vidkin/gophkeeper/proto/gophkeeper_grpc.pb.go:434.2,438.77 2 0
github.com/Vidkin/gophkeeper/proto/gophkeeper_grpc.pb.go:438.77,440.3 1 0
github.com/Vidkin/gophkeeper/proto/gophkeeper_grpc.pb.go:441.2,441.44 1 0
github.com/Vidkin/gophkeeper/proto/gophkeeper_grpc.pb.go:444.167,446.32 2 3
github.com/Vidkin/gophkeeper/proto/gophkeeper_grpc.pb.go:446.32,448.3 1 0
github.com/Vidkin/gophkeeper/proto/gophkeeper_grpc.pb.go:449.2,449.24 1 3
github.com/Vidkin/gophkeeper/proto/gophkeeper_grpc.pb.go:449.24,451.3 1 0
github.com/Vidkin/gophkeeper/proto/gophkeeper_grpc.pb.go:452.2,456.77 2 3
github.com/Vidkin/gophkeeper/proto/gophkeeper_grpc.pb.go:456.77,458.3 1 1
github.com/Vidkin/gophkeeper/proto/gophkeeper_grpc.pb.go:459.2,459.44 1 3
github.com/Vidkin/gophkeeper/proto/gophkeeper_grpc.pb.go:462.170,464.32 2 4
github.com/Vidkin/gophkeeper/proto/gophkeeper_grpc.pb.go:464.32,466.3 1 0
github.com/Vidkin/gophkeeper/proto/gophkeeper_grpc.pb.go:467.2,467.24 1 4
github.com/Vidkin/gophkeeper/proto/gophkeeper_grpc.pb.go:467.24,469.3 1 0
github.com/Vidkin/gophkeeper/proto/gophkeeper_grpc.pb.go:470.2,474.77 2 4
github.com/Vidkin/gophkeeper/proto/gophkeeper_grpc.pb.go:474.77,476.3 1 2
github.com/Vidkin/gophkeeper/proto/gophkeeper_grpc.pb.go:477.2,477.44 1 4
github.com/Vidkin/gophkeeper/proto/gophkeeper_grpc.pb.go:480.168,482.32 2 3
github.com/Vidkin/gophkeeper/proto/gophkeeper_grpc.pb.go:482.32,484.3 1 0
github.com/Vidkin/gophkeeper/proto/gophkeeper_grpc.pb.go:485.2,485.24 1 3
github.com/Vidkin/gophkeeper/proto/gophkeeper_grpc.pb.go:485.24,487.3 1 0
github.com/Vidkin/gophkeeper/proto/gophkeeper_grpc.pb.go:488.2,492.77 2 3
github.com/Vidkin/gophkeeper/proto/gophkeeper_grpc.pb.go:492.77,494.3 1 1
github.com/Vidkin/gophkeeper/proto/gophkeeper_grpc.pb.go:495.2,495.44 1 3
github.com/Vidkin/gophkeeper/proto/gophkeeper_grpc.pb.go:498.167,500.32 2 3
github.com/Vidkin/gophkeeper/proto/gophkeeper_grpc.pb.go:500.32,502.3 1 0
github.com/Vidkin/gophkeeper/proto/gophkeeper_grpc.pb.go:503.2,503.24 1 3
github.com/Vidkin/gophkeeper/proto/gophkeeper_grpc.pb.go:503.24,505.3 1 0
github.com/Vidkin/gophkeeper/proto/gophkeeper_grpc.pb.go:506.2,510.77 2 3
github.com/Vidkin/gophkeeper/proto/gophkeeper_grpc.pb.go:510.77,512.3 1 1
github.com/Vidkin/gophkeeper/proto/gophkeeper_grpc.pb.go:513.2,513.44 1 3
github.com/Vidkin/gophkeeper/proto/gophkeeper_grpc.pb.go:516.174,518.32 2 3
github.com/Vidkin/gophkeeper/proto/gophkeeper_grpc.pb.go:518.32,520.3 1 0
github.com/Vidkin/gophkeeper/proto/gophkeeper_grpc.pb.go:521.2,521.24 1 3
github.com/Vidkin/gophkeeper/proto/gophkeeper_grpc.pb.go:521.24,523.3 1 0
github.com/Vidkin/gophkeeper/proto/gophkeeper_grpc.pb.go:524.2,528.77 2 3
github.com/Vidkin/gophkeeper/proto/gophkeeper_grpc.pb.go:528.77,530.3 1 1
github.com/Vidkin/gophkeeper/proto/gophkeeper_grpc.pb.go:531.2,531.44 1 3
github.com/Vidkin/gophkeeper/proto/gophkeeper_grpc.pb.go:534.174,536.32 2 3
github.com/Vidkin/gophkeeper/proto/gophkeeper_grpc.pb.go:536.32,538.3 1 0
github.com/Vidkin/gophkeeper/proto/gophkeeper_grpc.pb.go:539.2,539.24 1 3
github.com/Vidkin/gophkeeper/proto/gophkeeper_grpc.pb.go:539.24,541.3 1 0
github.com/Vidkin/gophkeeper/proto/gophkeeper_grpc.pb.go:542.2,546.77 2 3
github.com/Vidkin/gophkeeper/proto/gophkeeper_grpc.pb.go:546.77,548.3 1 1
github.com/Vidkin/gophkeeper/proto/gophkeeper_grpc.pb.go:549.2,549.44 1 3
github.com/Vidkin/gophkeeper/proto/gophkeeper_grpc.pb.go:552.173,554.32 2 3
github.com/Vidkin/gophkeeper/proto/gophkeeper_grpc.pb.go:554.32,556.3 1 0
github.com/Vidkin/gophkeeper/proto/gophkeeper_grpc.pb.go:557.2,557.24 1 3
github.com/Vidkin/gophkeeper/proto/gophkeeper_grpc.pb.go:557.24,559.3 1 0
github.com/Vidkin/gophkeeper/proto/gophkeeper_grpc.pb.go:560.2,564.77 2 3
github.com/Vidkin/gophkeeper/proto/gophkeeper_grpc.pb.go:564.77,566.3 1 1
github.com/Vidkin/gophkeeper/proto/gophkeeper_grpc.pb.go:567.2,567.44 1 3
github.com/Vidkin/gophkeeper/proto/gophkeeper_grpc.pb.go:570.177,572.32 2 4
github.com/Vidkin/gophkeeper/proto/gophkeeper_grpc.pb.go:572.32,574.3 1 0
github.com/Vidkin/gophkeeper/proto/gophkeeper_grpc.pb.go:575.2,575.24 1 4
github.com/Vidkin/gophkeeper/proto/gophkeeper_grpc.pb.go:575.24,577.3 1 0
github.com/Vidkin/gophkeeper/proto/gophkeeper_grpc.pb.go:578.2,582.77 2 4
github.com/Vidkin/gophkeeper/proto/gophkeeper_grpc.pb.go:582.77,584.3 1 2
github.com/Vidkin/gophkeeper/proto/gophkeeper_grpc.pb.go:585.2,585.44 1 4
github.com/Vidkin/gophkeeper/proto/gophkeeper_grpc.pb.go:588.163,590.32 2 3
github.com/Vidkin/gophkeeper/proto/gophkeeper_grpc.pb.go:590.32,592.3 1 0
github.com/Vidkin/gophkeeper/proto/gophkeeper_grpc.pb.go:593.2,593.24 1 3
github.com/Vidkin/gophkeeper/proto/gophkeeper_grpc.pb.go:593.24,595.3 1 0
github.com/Vidkin/gophkeeper/proto/gophkeeper_grpc.pb.go:596.2,600.77 2 3
github.com/Vidkin/gophkeeper/proto/gophkeeper_grpc.pb.go:600.77,602.3 1 1
github.com/Vidkin/gophkeeper/proto/gophkeeper_grpc.pb.go:603.2,603.44 1 3
github.com/Vidkin/gophkeeper/proto/gophkeeper_grpc.pb.go:606.164,608.32 2 3
github.com/Vidkin/gophkeeper/proto/gophkeeper_grpc.pb.go:608.32,610.3 1 0
github.com/Vidkin/gophkeeper/proto/gophkeeper_grpc.pb.go:611.2,611.24 1 3
github.com/Vidkin/gophkeeper/proto/gophkeeper_grpc.pb.go:611.24,613.3 1 0
github.com/Vidkin/gophkeeper/proto/gophkeeper_grpc.pb.go:614.2,618.77 2 3
github.com/Vidkin/gophkeeper/proto/gophkeeper_grpc.pb.go:618.77,620.3 1 1
github.com/Vidkin/gophkeeper/proto/gophkeeper_grpc.pb.go:621.2,621.44 1 3
github.com/Vidkin/gophkeeper/proto/gophkeeper_grpc.pb.go:624.163,626.32 2 3
github.com/Vidkin/gophkeeper/proto/gophkeeper_grpc.pb.go:626.32,628.3 1 0
github.com/Vidkin/gophkeeper/proto/gophkeeper_grpc.pb.go:629.2,629.24 1 3
github.com/Vidkin/gophkeeper/proto/gophkeeper_grpc.pb.go:629.24,631.3 1 0
github.com/Vidkin/gophkeeper/proto/gophkeeper_grpc.pb.go:632.2,636.77 2 3
github.com/Vidkin/gophkeeper/proto/gophkeeper_grpc.pb.go:636.77,638.3 1 1
github.com/Vidkin/gophkeeper/proto/gophkeeper_grpc.pb.go:639.2,639.44 1 3
github.com/Vidkin/gophkeeper/proto/gophkeeper_grpc.pb.go:642.166,644.32 2 4
github.com/Vidkin/gophkeeper/proto/gophkeeper_grpc.pb.go:644.32,646.3 1 0
github.com/Vidkin/gophkeeper/proto/gophkeeper_grpc.pb.go:647.2,647.24 1 4
github.com/Vidkin/gophkeeper/proto/gophkeeper_grpc.pb.go:647.24,649.3 1 0
github.com/Vidkin/gophkeeper/proto/gophkeeper_grpc.pb.go:650.2,654.77 2 4
github.com/Vidkin/gophkeeper/proto/gophkeeper_grpc.pb.go:654.77,656.3 1 2
github.com/Vidkin/gophkeeper/proto/gophkeeper_grpc.pb.go:657.2,657.44 1 4
github.com/Vidkin/gophkeeper/proto/gophkeeper_grpc.pb.go:660.82,662.2 1 1
github.com/Vidkin/gophkeeper/proto/gophkeeper_grpc.pb.go:667.84,669.42 2 2
github.com/Vidkin/gophkeeper/proto/gophkeeper_grpc.pb.go:669.42,671.3 1 0
github.com/Vidkin/gophkeeper/proto/gophkeeper_grpc.pb.go:672.2,672.135 1 2
github.com/Vidkin/gophkeeper/proto/gophkeeper_grpc.pb.go:678.166,680.32 2 4
github.com/Vidkin/gophkeeper/proto/gophkeeper_grpc.pb.go:680.32,682.3 1 0
github.com/Vidkin/gophkeeper/proto/gophkeeper_grpc.pb.go:683.2,683.24 1 4
github.com/Vidkin/gophkeeper/proto/gophkeeper_grpc.pb.go:683.24,685.3 1 0
github.com/Vidkin/gophkeeper/proto/gophkeeper_grpc.pb.go:686.2,690.77 2 4
github.com/Vidkin/gophkeeper/proto/gophkeeper_grpc.pb.go:690.77,692.3 1 2
github.com/Vidkin/gophkeeper/proto/gophkeeper_grpc.pb.go:693.2,693.44 1 4
github.com/Vidkin/gophkeeper/proto/gophkeeper_grpc.pb.go:696.164,698.32 2 3
github.com/Vidkin/gophkeeper/proto/gophkeeper_grpc.pb.go:698.32,700.3 1 0
github.com/Vidkin/gophkeeper/proto/gophkeeper_grpc.pb.go:701.2,701.24 1 3
github.com/Vidkin/gophkeeper/proto/gophkeeper_grpc.pb.go:701.24,703.3 1 0
github.com/Vidkin/gophkeeper/proto/gophkeeper_grpc.pb.go:704.2,708.77 2 3
github.com/Vidkin/gophkeeper/proto/gophkeeper_grpc.pb.go:708.77,710.3 1 1
github.com/Vidkin/gophkeeper/proto/gophkeeper_grpc.pb.go:711.2,711.44 1 3
github.com/Vidkin/gophkeeper/pkg/cert/x509.go:26.47,28.2 1 5
github.com/Vidkin/gophkeeper/pkg/cert/x509.go:38.91,65.16 3 6
github.com/Vidkin/gophkeeper/pkg/cert/x509.go:65.16,67.3 1 0
github.com/Vidkin/gophkeeper/pkg/cert/x509.go:70.2,71.16 2 6
github.com/Vidkin/gophkeeper/pkg/cert/x509.go:71.16,73.3 1 0
github.com/Vidkin/gophkeeper/pkg/cert/x509.go:75.2,75.35 1 6
github.com/Vidkin/gophkeeper/pkg/cert/x509.go:83.60,92.2 3 4
github.com/Vidkin/gophkeeper/pkg/cert/x509.go:99.76,106.2 3 4
github.com/Vidkin/gophkeeper/pkg/cert/x509.go:118.88,120.16 2 3
github.com/Vidkin/gophkeeper/pkg/cert/x509.go:120.16,122.3 1 0
github.com/Vidkin/gophkeeper/pkg/cert/x509.go:124.2,125.16 2 3
github.com/Vidkin/gophkeeper/pkg/cert/x509.go:125.16,127.3 1 0
github.com/Vidkin/gophkeeper/pkg/cert/x509.go:129.2,130.16 2 3
github.com/Vidkin/gophkeeper/pkg/cert/x509.go:130.16,132.3 1 0
github.com/Vidkin/gophkeeper/pkg/cert/x509.go:134.2,135.16 2 3
github.com/Vidkin/gophkeeper/pkg/cert/x509.go:135.16,137.3 1 1
github.com/Vidkin/gophkeeper/pkg/cert/x509.go:139.2,140.16 2 2
github.com/Vidkin/gophkeeper/pkg/cert/x509.go:140.16,142.3 1 1
github.com/Vidkin/gophkeeper/pkg/cert/x509.go:143.2,143.12 1 1
